########### array before sorts ###########
0	46.700000	71.400000	46.785185	72.047048	n
1	46.785185	72.047048	47.034936	72.650000	n
2	47.034936	72.650000	47.432233	73.167767	n
3	47.432233	73.167767	47.950000	73.565064	n
4	47.950000	73.565064	48.552952	73.814815	n
5	48.552952	73.814815	49.200000	73.900000	n
6	102.600000	73.900000	103.247048	73.814815	n
7	103.247048	73.814815	103.850000	73.565064	n
8	103.850000	73.565064	104.367767	73.167767	n
9	104.367767	73.167767	104.765064	72.650000	n
10	104.765064	72.650000	105.014815	72.047048	n
11	105.014815	72.047048	105.100000	71.400000	n
12	105.100000	23.100000	105.014815	22.452952	n
13	105.014815	22.452952	104.765064	21.850000	n
14	104.765064	21.850000	104.367767	21.332233	n
15	104.367767	21.332233	103.850000	20.934936	n
16	103.850000	20.934936	103.247048	20.685185	n
17	103.247048	20.685185	102.600000	20.600000	n
18	49.200000	20.600000	48.552952	20.685185	n
19	48.552952	20.685185	47.950000	20.934936	n
20	47.950000	20.934936	47.432233	21.332233	n
21	47.432233	21.332233	47.034936	21.850000	n
22	47.034936	21.850000	46.785185	22.452952	n
23	46.785185	22.452952	46.700000	23.100000	n
24	49.200000	20.600000	102.600000	20.600000	n
25	105.100000	23.100000	105.100000	71.400000	n
26	102.600000	73.900000	49.200000	73.900000	n
27	46.700000	71.400000	46.700000	23.100000	n
Tolerance=0.050000.
*Exact match for i=0 and j=1.
*i point 46.700000	71.400000	46.785185	72.047048	y
*Exact match for i=1 and j=2.
*i point 46.785185	72.047048	47.034936	72.650000	y
*Exact match for i=2 and j=3.
*i point 47.034936	72.650000	47.432233	73.167767	y
*Exact match for i=3 and j=4.
*i point 47.432233	73.167767	47.950000	73.565064	y
*Exact match for i=4 and j=5.
*i point 47.950000	73.565064	48.552952	73.814815	y
*Exact match for i=5 and j=26.
*i point 48.552952	73.814815	49.200000	73.900000	y
	*Before flip 	102.600000	73.900000	49.200000	73.900000	y
	*After flip 	49.200000	73.900000	102.600000	73.900000	y
*Exact match for i=6 and j=26.
*i point 49.200000	73.900000	102.600000	73.900000	y
*Exact match for i=7 and j=26.
*i point 102.600000	73.900000	103.247048	73.814815	y
*Exact match for i=8 and j=26.
*i point 103.247048	73.814815	103.850000	73.565064	y
*Exact match for i=9 and j=26.
*i point 103.850000	73.565064	104.367767	73.167767	y
*Exact match for i=10 and j=26.
*i point 104.367767	73.167767	104.765064	72.650000	y
*Exact match for i=11 and j=26.
*i point 104.765064	72.650000	105.014815	72.047048	y
*Exact match for i=12 and j=25.
*i point 105.014815	72.047048	105.100000	71.400000	y
	*Before flip 	105.100000	23.100000	105.100000	71.400000	y
	*After flip 	105.100000	71.400000	105.100000	23.100000	y
*Exact match for i=13 and j=26.
*i point 105.100000	71.400000	105.100000	23.100000	y
*Exact match for i=14 and j=25.
*i point 105.100000	23.100000	105.014815	22.452952	y
*Exact match for i=15 and j=26.
*i point 105.014815	22.452952	104.765064	21.850000	y
*Exact match for i=16 and j=25.
*i point 104.765064	21.850000	104.367767	21.332233	y
*Exact match for i=17 and j=26.
*i point 104.367767	21.332233	103.850000	20.934936	y
*Exact match for i=18 and j=25.
*i point 103.850000	20.934936	103.247048	20.685185	y
*Exact match for i=19 and j=24.
*i point 103.247048	20.685185	102.600000	20.600000	y
	*Before flip 	49.200000	20.600000	102.600000	20.600000	y
	*After flip 	102.600000	20.600000	49.200000	20.600000	y
*Exact match for i=20 and j=26.
*i point 102.600000	20.600000	49.200000	20.600000	y
*Exact match for i=21 and j=25.
*i point 49.200000	20.600000	48.552952	20.685185	y
*Exact match for i=22 and j=24.
*i point 48.552952	20.685185	47.950000	20.934936	y
*Exact match for i=23 and j=26.
*i point 47.950000	20.934936	47.432233	21.332233	y
*Exact match for i=24 and j=25.
*i point 47.432233	21.332233	47.034936	21.850000	y
*Exact match for i=25 and j=26.
*i point 47.034936	21.850000	46.785185	22.452952	y
*Exact match for i=26 and j=27.
*i point 46.785185	22.452952	46.700000	23.100000	y
	*Before flip 	46.700000	71.400000	46.700000	23.100000	y
	*After flip 	46.700000	23.100000	46.700000	71.400000	y
########### array after sorts ###########
0	46.700000	71.400000	46.785185	72.047048	y
1	46.785185	72.047048	47.034936	72.650000	y
2	47.034936	72.650000	47.432233	73.167767	y
3	47.432233	73.167767	47.950000	73.565064	y
4	47.950000	73.565064	48.552952	73.814815	y
5	48.552952	73.814815	49.200000	73.900000	y
6	49.200000	73.900000	102.600000	73.900000	y
7	102.600000	73.900000	103.247048	73.814815	y
8	103.247048	73.814815	103.850000	73.565064	y
9	103.850000	73.565064	104.367767	73.167767	y
10	104.367767	73.167767	104.765064	72.650000	y
11	104.765064	72.650000	105.014815	72.047048	y
12	105.014815	72.047048	105.100000	71.400000	y
13	105.100000	71.400000	105.100000	23.100000	y
14	105.100000	23.100000	105.014815	22.452952	y
15	105.014815	22.452952	104.765064	21.850000	y
16	104.765064	21.850000	104.367767	21.332233	y
17	104.367767	21.332233	103.850000	20.934936	y
18	103.850000	20.934936	103.247048	20.685185	y
19	103.247048	20.685185	102.600000	20.600000	y
20	102.600000	20.600000	49.200000	20.600000	y
21	49.200000	20.600000	48.552952	20.685185	y
22	48.552952	20.685185	47.950000	20.934936	y
23	47.950000	20.934936	47.432233	21.332233	y
24	47.432233	21.332233	47.034936	21.850000	y
25	47.034936	21.850000	46.785185	22.452952	y
26	46.785185	22.452952	46.700000	23.100000	y
27	46.700000	23.100000	46.700000	71.400000	y
***************
.BOARD_OUTLINE UNOWNED
1.6
0     46.700000     71.400000     0
0     46.785185     72.047048     0
0     47.034936     72.650000     0
0     47.432233     73.167767     0
0     47.950000     73.565064     0
0     48.552952     73.814815     0
0     49.200000     73.900000     0
0     102.600000     73.900000     0
0     103.247048     73.814815     0
0     103.850000     73.565064     0
0     104.367767     73.167767     0
0     104.765064     72.650000     0
0     105.014815     72.047048     0
0     105.100000     71.400000     0
0     105.100000     23.100000     0
0     105.014815     22.452952     0
0     104.765064     21.850000     0
0     104.367767     21.332233     0
0     103.850000     20.934936     0
0     103.247048     20.685185     0
0     102.600000     20.600000     0
0     49.200000     20.600000     0
0     48.552952     20.685185     0
0     47.950000     20.934936     0
0     47.432233     21.332233     0
0     47.034936     21.850000     0
0     46.785185     22.452952     0
0     46.700000     23.100000     0
0     46.700000     71.400000     0
