Ghostcar active!
Time (s); Distance (mm); Speed (mm/s); Z-Angle (mdps); Distance corrected (mm); Target Speed; PWM Value
LSM9D1 Z axis zero offset is: -3271.100000
0.00091; 0.00000; 0.00000; -100.97500; 0.00000; 1000.00000;   450
0.01269; 10.99557; 204.64117; -25.08085; 10.99557; 1000.00000;   421
0.04034; 21.99115; 398.93964; -44.76818; 21.99115; 1000.00000;   457
0.05932; 32.98672; 582.88669; -60.77644; 32.98672; 1000.00000;   428
0.07682; 43.98230; 622.90814; -88.29476; 43.98230; 1000.00000;   411
0.09652; 54.97787; 565.09274; -121.29783; 54.97787; 1000.00000;   489
0.11441; 65.97345; 608.26323; -120.32747; 65.97345; 1000.00000;   444
0.13158; 76.96902; 640.20812; -115.91567; 76.96902; 1000.00000;   420
0.14951; 87.96460; 610.15340; -116.22614; 87.96460; 1000.00000;   466
0.16714; 98.96017; 633.89683; -108.48398; 98.96017; 1000.00000;   444
0.18502; 109.95574; 612.73750; -103.21226; 109.95574; 1000.00000;   478
0.20111; 120.95132; 681.98068; -75.44407; 120.95132; 1000.00000;   404
0.21682; 131.94689; 697.64447; -55.19398; 131.94689; 1000.00000;   401
0.23186; 142.94247; 737.26528; -31.80863; 142.94247; 1000.00000;   363
0.24578; 153.93804; 777.07240; -7.76009; 153.93804; 1000.00000;   326
0.26007; 164.93362; 770.80788; 15.48194; 164.93362; 1000.00000;   343
0.27471; 175.92919; 760.04524; 37.81087; 175.92919; 1000.00000;   359
0.28899; 186.92477; 773.95470; 60.24558; 186.92477; 1000.00000;   345
0.30436; 197.92034; 710.99738; 82.26187; 197.92034; 1000.00000;   424
0.31827; 208.91591; 780.60304; 87.03828; 208.91591; 1000.00000;   339
0.33255; 219.91149; 772.37809; 99.72428; 219.91149; 1000.00000;   363
0.34649; 230.90706; 796.20380; 110.50465; 230.90706; 1000.00000;   338
0.36005; 241.90264; 809.98707; 124.46091; 241.90264; 1000.00000;   328
0.37429; 252.89821; 774.77272; 141.14039; 252.89821; 1000.00000;   374
0.38857; 263.89379; 756.69771; 157.56107; 263.89379; 1000.00000;   394
0.40321; 274.88936; 753.17312; 165.07141; 274.88936; 1000.00000;   400
0.41857; 285.88494; 712.37930; 180.30314; 285.88494; 1000.00000;   451
0.43212; 296.88051; 815.57443; 166.62471; 296.88051; 1000.00000;   330
0.44604; 307.87608; 801.30990; 178.70330; 307.87608; 1000.00000;   365
0.45924; 318.87166; 817.81885; 179.22578; 318.87166; 1000.00000;   347
0.47280; 329.86723; 830.54418; 179.60345; 329.86723; 1000.00000;   338
0.48600; 340.86281; 816.42222; 184.53209; 340.86281; 1000.00000;   359
0.49956; 351.85838; 808.79547; 185.29311; 351.85838; 1000.00000;   368
0.51347; 362.85396; 804.77014; 188.22592; 362.85396; 1000.00000;   375
0.52776; 373.84953; 757.89733; 203.68257; 373.84953; 1000.00000;   432
0.54095; 384.84511; 850.78725; 187.75901; 384.84511; 1000.00000;   321
0.55379; 395.84068; 840.44749; 197.87209; 395.84068; 1000.00000;   349
0.56662; 406.83625; 865.65694; 196.14277; 406.83625; 1000.00000;   321
0.57909; 417.83183; 880.56174; 195.96281; 417.83183; 1000.00000;   309
0.59162; 428.82740; 869.14666; 199.05498; 428.82740; 1000.00000;   327
0.60446; 439.82298; 854.82193; 199.81118; 439.82298; 1000.00000;   344
0.61729; 450.81855; 862.87173; 201.50139; 450.81855; 1000.00000;   334
0.63085; 461.81413; 808.91447; 218.60914; 461.81413; 1000.00000;   401
0.64332; 472.80970; 893.29551; 198.08658; 472.80970; 1000.00000;   296
0.65616; 483.80528; 855.22085; 209.18702; 483.80528; 1000.00000;   356
0.66885; 494.80085; 855.15434; 210.69206; 494.80085; 1000.00000;   352
0.68133; 505.79642; 886.52539; 203.79405; 505.79642; 1000.00000;   318
0.69453; 516.79200; 845.55325; 213.01198; 516.79200; 1000.00000;   372
0.70772; 527.78757; 832.11552; 216.41508; 527.78757; 1000.00000;   384
0.72056; 538.78315; 843.21890; 211.83242; 538.78315; 1000.00000;   372
0.73412; 549.77872; 806.65941; 221.75310; 549.77872; 1000.00000;   419
0.74659; 560.77430; 893.22294; 204.14679; 560.77430; 1000.00000;   314
0.75943; 571.76987; 864.97596; 212.82655; 571.76987; 1000.00000;   363
0.77189; 582.76545; 865.18014; 215.52214; 582.76545; 1000.00000;   360
0.78436; 593.76102; 892.64284; 207.46523; 593.76102; 1000.00000;   330
0.79682; 604.75659; 867.36408; 210.16748; 604.75659; 1000.00000;   366
0.81001; 615.75217; 853.82625; 209.09828; 615.75217; 1000.00000;   380
0.82249; 626.74774; 866.54381; 205.45900; 626.74774; 1000.00000;   365
0.83605; 637.74332; 811.72113; 220.53199; 637.74332; 1000.00000;   433
0.84817; 648.73889; 919.05504; 200.37005; 648.73889; 1000.00000;   301
0.86030; 659.73447; 896.42707; 211.38206; 659.73447; 1000.00000;   347
0.87278; 670.73004; 891.48488; 213.29986; 670.73004; 1000.00000;   350
0.88453; 681.72562; 932.77693; 202.90071; 681.72562; 1000.00000;   302
0.89664; 692.72119; 898.25786; 205.69592; 692.72119; 1000.00000;   351
0.90948; 703.71676; 867.09049; 207.24680; 703.71676; 1000.00000;   383
0.92160; 714.71234; 900.53845; 198.76217; 714.71234; 1000.00000;   341
0.93443; 725.70791; 857.82294; 211.70435; 725.70791; 1000.00000;   398
0.94582; 736.70349; 950.92748; 195.10804; 736.70349; 1000.00000;   282
0.95754; 747.69906; 939.95336; 205.82455; 747.69906; 1000.00000;   313
0.97002; 758.69464; 897.67119; 216.47456; 758.69464; 1000.00000;   361
0.98140; 769.69021; 947.48595; 201.10375; 769.69021; 1000.00000;   297
0.99388; 780.68579; 877.89018; 212.50648; 780.68579; 1000.00000;   388
1.00671; 791.68136; 875.30445; 206.65150; 791.68136; 1000.00000;   382
1.01918; 802.67693; 883.81757; 205.48270; 802.67693; 1000.00000;   373
1.03202; 813.67251; 835.72049; 222.00437; 813.67251; 1000.00000;   433
1.04378; 824.66808; 961.65598; 198.34520; 824.66808; 1000.00000;   278
1.05553; 835.66366; 910.83287; 214.65296; 835.66366; 1000.00000;   360
1.06764; 846.65923; 920.74815; 213.05891; 846.65923; 1000.00000;   341
1.07903; 857.65481; 950.02371; 206.03286; 857.65481; 1000.00000;   309
1.09116; 868.65038; 917.36813; 212.46566; 868.65038; 1000.00000;   354
1.10327; 879.64596; 905.65641; 211.36794; 879.64596; 1000.00000;   363
1.11540; 890.64153; 907.00111; 209.29396; 890.64153; 1000.00000;   361
1.12824; 901.63710; 854.82193; 222.86788; 901.63710; 1000.00000;   424
1.13963; 912.63268; 962.58202; 201.39047; 912.63268; 1000.00000;   290
1.15138; 923.62825; 943.90716; 210.12578; 923.62825; 1000.00000;   331
1.16313; 934.62383; 944.79932; 213.52534; 934.62383; 1000.00000;   328
1.17417; 945.61940; 989.70067; 204.58064; 945.61940; 1000.00000;   275
1.18556; 956.61498; 947.24108; 212.34217; 956.61498; 1000.00000;   334
1.19731; 967.61055; 946.91478; 207.48551; 967.61055; 1000.00000;   327
1.20907; 978.60613; 944.39358; 205.12552; 978.60613; 1000.00000;   331
1.22190; 989.60170; 864.09229; 224.23369; 989.60170; 1000.00000;   426
1.23292; 1000.59727; 994.08502; 195.95014; 1000.59727; 1000.00000;   260
1.24393; 1011.59285; 986.41558; 206.37521; 1011.59285; 1000.00000;   292
1.25532; 1022.58842; 979.99772; 216.54818; 1022.58842; 1000.00000;   299
1.26598; 1033.58400; 1007.93606; 212.39056; 1033.58400; 1000.00000;   264
1.27774; 1044.57957; 945.04293; 222.33564; 1044.57957; 1000.00000;   344
1.28950; 1055.57515; 937.94886; 216.80137; 1055.57515; 1000.00000;   343
1.30090; 1066.57072; 944.79932; 207.65373; 1066.57072; 1000.00000;   334
1.31373; 1077.56630; 856.62001; 225.71980; 1077.56630; 1000.00000;   439
1.32512; 1088.56187; 983.76796; 203.27060; 1088.56187; 1000.00000;   276
1.33651; 1099.55744; 973.92156; 211.44847; 1099.55744; 1000.00000;   311
1.34757; 1110.55302; 966.13430; 215.80188; 1110.55302; 1000.00000;   319
1.35896; 1121.54859; 990.41384; 214.11615; 1121.54859; 1000.00000;   289
1.37036; 1132.54417; 966.72889; 215.83207; 1132.54417; 1000.00000;   321
1.38176; 1143.53974; 940.99910; 217.02848; 1143.53974; 1000.00000;   348
1.39351; 1154.53532; 954.14565; 213.76307; 1154.53532; 1000.00000;   329
1.40598; 1165.53089; 879.36456; 229.32451; 1165.53089; 1000.00000;   420
1.41701; 1176.52647; 985.44313; 204.66095; 1176.52647; 1000.00000;   283
1.42876; 1187.52204; 952.82274; 215.47408; 1187.52204; 1000.00000;   341
1.43978; 1198.51762; 983.76796; 209.25206; 1198.51762; 1000.00000;   299
1.45080; 1209.51319; 1002.51408; 206.30805; 1209.51319; 1000.00000;   282
1.46219; 1220.50876; 975.13076; 205.91902; 1220.50876; 1000.00000;   318
1.47358; 1231.50434; 950.76303; 198.84605; 1231.50434; 1000.00000;   343
1.48497; 1242.49991; 953.31840; 184.07724; 1242.49991; 1000.00000;   336
1.49744; 1253.49549; 887.67050; 178.41485; 1253.49549; 1000.00000;   414
1.50884; 1264.49106; 987.12402; 145.85791; 1264.49106; 1000.00000;   287
1.52023; 1275.48664; 964.77796; 136.16265; 1275.48664; 1000.00000;   331
1.53127; 1286.48221; 997.15013; 120.09335; 1286.48221; 1000.00000;   289
1.54194; 1297.47779; 1023.89184; 105.84722; 1297.47779; 1000.00000;   263
1.55333; 1308.47336; 961.06760; 98.71819; 1308.47336; 1000.00000;   342
1.56471; 1319.46893; 954.64269; 84.18121; 1319.46893; 1000.00000;   340
1.57647; 1330.46451; 946.42576; 71.81147; 1330.46451; 1000.00000;   349
1.58930; 1341.46008; 858.35866; 66.89057; 1341.46008; 1000.00000;   451
1.60066; 1352.45566; 948.30310; 53.39060; 1352.45566; 1000.00000;   333
1.61313; 1363.45123; 894.45818; 51.67427; 1363.45123; 1000.00000;   412
1.62488; 1374.44681; 920.90238; 44.41823; 1374.44681; 1000.00000;   374
1.63673; 1385.44238; 951.66821; 40.63310; 1385.44238; 1000.00000;   343
1.64885; 1396.43796; 903.94397; 38.51923; 1396.43796; 1000.00000;   405
1.66097; 1407.43353; 896.42707; 33.60059; 1407.43353; 1000.00000;   408
1.67333; 1418.42910; 882.54069; 29.88585; 1418.42910; 1000.00000;   424
1.68690; 1429.42468; 824.68870; 24.84707; 1429.42468; 1000.00000;   491
1.69899; 1440.42025; 911.73917; 19.28852; 1440.42025; 1000.00000;   383
1.71147; 1451.41583; 885.02692; 17.90324; 1451.41583; 1000.00000;   430
1.72321; 1462.41140; 926.80162; 16.70446; 1462.41140; 1000.00000;   378
1.73496; 1473.40698; 943.90716; 16.82353; 1473.40698; 1000.00000;   366
1.74671; 1484.40255; 915.83995; 15.93944; 1484.40255; 1000.00000;   403
1.75918; 1495.39813; 898.40464; 13.77495; 1495.39813; 1000.00000;   419
1.77131; 1506.39370; 902.08995; 9.92124; 1506.39370; 1000.00000;   414
1.78448; 1517.38927; 828.10472; 7.41057; 1517.38927; 1000.00000;   502
1.79625; 1528.38485; 936.75025; 6.07470; 1528.38485; 1000.00000;   365
1.80837; 1539.38042; 908.80027; 7.14249; 1539.38042; 1000.00000;   417
1.81976; 1550.37600; 958.13650; 8.58291; 1550.37600; 1000.00000;   355
1.83117; 1561.37157; 972.71536; 9.49324; 1561.37157; 1000.00000;   347
1.84293; 1572.36715; 940.27488; 8.87158; 1572.36715; 1000.00000;   388
1.85465; 1583.36272; 933.09355; 8.56945; 1583.36272; 1000.00000;   392
1.86641; 1594.35830; 922.37014; 8.92996; 1594.35830; 1000.00000;   405
1.87961; 1605.35387; 847.83518; 10.44260; 1605.35387; 1000.00000;   491
1.89101; 1616.34944; 967.92029; 10.45783; 1616.34944; 1000.00000;   339
1.90276; 1627.34502; 935.63431; 11.11797; 1627.34502; 1000.00000;   399
1.91415; 1638.34059; 969.02921; 10.22013; 1638.34059; 1000.00000;   355
1.92518; 1649.33617; 991.57493; 8.19199; 1649.33617; 1000.00000;   334
1.93657; 1660.33174; 959.80922; 5.80568; 1660.33174; 1000.00000;   376
1.94832; 1671.32732; 946.26286; 3.82211; 1671.32732; 1000.00000;   387
1.95971; 1682.32289; 963.76321; 1.95507; 1682.32289; 1000.00000;   365
1.97182; 1693.31847; 892.13586; 1.34702; 1693.31847; 1000.00000;   453
1.98285; 1704.31404; 989.78976; 1.06826; 1704.31404; 1000.00000;   326
1.99460; 1715.30961; 937.70889; 1.17891; 1715.30961; 1000.00000;   405
2.00599; 1726.30519; 975.82308; 1.30323; 1726.30519; 1000.00000;   352
2.01702; 1737.30076; 982.53726; 1.69508; 1737.30076; 1000.00000;   351
2.02878; 1748.29634; 961.31968; 1.96914; 1748.29634; 1000.00000;   377
2.04053; 1759.29191; 936.43114; 0.74135; 1759.29191; 1000.00000;   404
2.05192; 1770.28749; 944.39358; -0.04781; 1770.28749; 1000.00000;   391
2.06476; 1781.28306; 871.14359; 0.93251; 1781.28306; 1000.00000;   479
2.07615; 1792.27864; 960.73171; 1.84284; 1792.27864; 1000.00000;   363
2.08793; 1803.27421; 928.44503; 4.81434; 1803.27421; 1000.00000;   417
2.09932; 1814.26978; 956.55280; 5.89863; 1814.26978; 1000.00000;   379
2.11106; 1825.26536; 953.81458; 3.58086; 1825.26536; 1000.00000;   388
2.12245; 1836.26093; 940.83806; 1.22149; 1836.26093; 1000.00000;   404
2.13456; 1847.25651; 913.48130; -2.33396; 1847.25651; 1000.00000;   435
2.14667; 1858.25208; 926.02109; -3.74805; 1858.25208; 1000.00000;   417
2.15959; 1869.24766; 850.65561; -1.75544; 1869.24766; 1000.00000;   508
2.17099; 1880.24323; 965.03199; -0.82202; 1880.24323; 1000.00000;   362
2.18274; 1891.23881; 913.63311; 0.81731; 1891.23881; 1000.00000;   444
2.19451; 1902.23438; 959.30679; 1.19341; 1902.23438; 1000.00000;   382
2.20554; 1913.22995; 967.83509; 0.63141; 1913.22995; 1000.00000;   380
2.21733; 1924.22553; 942.53167; 5.44329; 1924.22553; 1000.00000;   412
2.22908; 1935.22110; 929.70106; 4.69490; 1935.22110; 1000.00000;   424
2.24080; 1946.21668; 942.85495; 4.44843; 1946.21668; 1000.00000;   407
2.25364; 1957.21225; 872.24928; 5.55085; 1957.21225; 1000.00000;   493
2.26429; 1968.20783; 1010.15842; 1.84795; 1968.20783; 1000.00000;   318
2.27532; 1979.20340; 999.50681; 3.53972; 1979.20340; 1000.00000;   357
2.28671; 1990.19898; 967.92029; 5.44515; 1990.19898; 1000.00000;   392
2.29742; 2001.19455; 1012.29741; 8.45648; 2001.19455; 1000.00000;   334
2.30881; 2012.19012; 964.43947; 11.55708; 2012.19012; 1000.00000;   399
2.32092; 2023.18570; 917.29160; 13.82995; 2023.18570; 1000.00000;   447
2.33304; 2034.18127; 907.74989; 9.05450; 2034.18127; 1000.00000;   451
2.34551; 2045.17685; 876.84007; 4.37919; 2045.17685; 1000.00000;   487
2.35654; 2056.17242; 995.88574; 0.56091; 2056.17242; 1000.00000;   342
2.36790; 2067.16800; 977.03700; 0.38366; 2067.16800; 1000.00000;   386
2.37857; 2078.16357; 1018.29732; 4.81058; 2078.16357; 1000.00000;   333
2.38924; 2089.15915; 1042.23455; 4.30971; 2089.15915; 1000.00000;   312
2.40027; 2100.15472; 1014.07124; 3.10060; 2100.15472; 1000.00000;   350
2.41130; 2111.15029; 989.78976; -0.74400; 2111.15029; 1000.00000;   373
2.42233; 2122.14587; 989.87887; -2.87866; 2122.14587; 1000.00000;   369
2.43444; 2133.14144; 899.43349; -2.74495; 2133.14144; 1000.00000;   476
StraightCount: 

YawRate: -1016.4
New round detected!
Lap length: 2144.14
2.44560; 0.00000; 1018.39163; -0.99804; 0.00000; 1000.00000;   320
2.45699; 10.99557; 955.22322; 1.60156; 10.99557; 1000.00000;   417
2.46802; 21.99115; 982.62506; 0.59074; 21.99115; 1000.00000;   373
2.47905; 32.98672; 998.59908; -1.84586; 32.98672; 1000.00000;   359
2.49043; 43.98230; 969.11462; -2.77782; 43.98230; 1000.00000;   397
2.50187; 54.97787; 953.81458; -4.68005; 54.97787; 1000.00000;   411
2.51362; 65.97345; 952.57511; -3.03732; 65.97345; 1000.00000;   410
2.52610; 76.96902; 866.40725; 0.15492; 76.96902; 1000.00000;   512
2.53712; 87.96460; 988.27741; 0.39700; 87.96460; 1000.00000;   354
2.54852; 98.96017; 964.60869; 1.03718; 98.96017; 1000.00000;   405
2.55991; 109.95574; 985.97332; 1.83116; 109.95574; 1000.00000;   376
2.57058; 120.95132; 1016.03904; 2.01380; 120.95132; 1000.00000;   344
2.58161; 131.94689; 1006.09154; 11.48303; 131.94689; 1000.00000;   361
2.59270; 142.94247; 979.64847; 25.86499; 142.94247; 1000.00000;   391
2.60410; 153.93804; 981.22206; 41.73670; 153.93804; 1000.00000;   384
2.61622; 164.93362; 905.95489; 65.76677; 164.93362; 1000.00000;   474
2.62724; 175.92919; 995.07461; 72.04219; 175.92919; 1000.00000;   356
2.63828; 186.92477; 990.32464; 85.58794; 186.92477; 1000.00000;   378
2.64930; 197.92034; 998.50840; 96.36609; 197.92034; 1000.00000;   367
2.65997; 208.91591; 1049.59664; 103.61347; 208.91591; 1000.00000;   308
2.67102; 219.91149; 981.74772; 122.18691; 219.91149; 1000.00000;   398
2.68205; 230.90706; 981.04697; 131.52324; 230.90706; 1000.00000;   386
2.69308; 241.90264; 995.61522; 142.33333; 241.90264; 1000.00000;   369
2.70521; 252.89821; 923.92021; 168.17115; 252.89821; 1000.00000;   456
2.71587; 263.89379; 1023.22487; 164.32224; 263.89379; 1000.00000;   326
2.72726; 274.88936; 980.78445; 185.27884; 274.88936; 1000.00000;   395
2.73863; 285.88494; 967.40933; 194.42504; 285.88494; 1000.00000;   404
2.74965; 296.88051; 997.05971; 191.28478; 296.88051; 1000.00000;   366
2.76104; 307.87608; 966.98395; 198.13912; 307.87608; 1000.00000;   408
2.77281; 318.87166; 931.74938; 201.79565; 318.87166; 1000.00000;   444
2.78383; 329.86723; 970.48318; 193.43055; 329.86723; 1000.00000;   393
2.79631; 340.86281; 881.90363; 212.95819; 340.86281; 1000.00000;   505
2.80806; 351.85838; 959.39049; 192.56611; 351.85838; 1000.00000;   400
2.81945; 362.85396; 949.36751; 193.91250; 362.85396; 1000.00000;   426
2.83085; 373.84953; 959.13943; 189.87057; 373.84953; 1000.00000;   413
2.84188; 384.84511; 1008.95343; 180.58735; 384.84511; 1000.00000;   356
2.85327; 395.84068; 963.42543; 193.71229; 395.84068; 1000.00000;   419
2.86465; 406.83625; 962.58202; 192.02309; 406.83625; 1000.00000;   413
2.87645; 417.83183; 940.83806; 194.68930; 417.83183; 1000.00000;   439
2.88857; 428.82740; 911.73917; 200.31754; 428.82740; 1000.00000;   470
2.89923; 439.82298; 1031.67334; 176.31778; 439.82298; 1000.00000;   323
2.91064; 450.81855; 966.64391; 189.92177; 450.81855; 1000.00000;   422
2.92167; 461.81413; 992.91805; 185.48658; 461.81413; 1000.00000;   380
2.93161; 472.80970; 1075.57219; 172.09082; 472.80970; 1000.00000;   284
2.94300; 483.80528; 992.46994; 188.13149; 483.80528; 1000.00000;   399
2.95403; 494.80085; 999.96130; 187.10272; 494.80085; 1000.00000;   375
2.96469; 505.79642; 1008.58324; 191.37226; 505.79642; 1000.00000;   366
2.97646; 516.79200; 926.09909; 208.70996; 516.79200; 1000.00000;   465
2.98749; 527.78757; 1016.41472; 190.19904; 527.78757; 1000.00000;   345
2.99852; 538.78315; 997.60247; 198.93430; 538.78315; 1000.00000;   383
3.00919; 549.77872; 1020.75515; 196.63797; 549.77872; 1000.00000;   352
3.01914; 560.77430; 1093.97816; 188.68736; 560.77430; 1000.00000;   267
3.03017; 571.76987; 1025.99370; 205.47565; 571.76987; 1000.00000;   362
3.04084; 582.76545; 1010.25124; 210.15426; 582.76545; 1000.00000;   368
3.05187; 593.76102; 1017.82602; 207.99709; 593.76102; 1000.00000;   356
3.06326; 604.75659; 938.18895; 224.77133; 604.75659; 1000.00000;   452
3.07429; 615.75217; 1028.29650; 205.10911; 615.75217; 1000.00000;   331
3.08532; 626.74774; 994.71453; 212.91772; 626.74774; 1000.00000;   387
3.09599; 637.74332; 999.41597; 211.98178; 637.74332; 1000.00000;   375
3.10630; 648.73889; 1076.09850; 196.54263; 648.73889; 1000.00000;   284
3.11734; 659.73447; 1005.53950; 212.10925; 659.73447; 1000.00000;   382
3.12837; 670.73004; 1005.72345; 212.98832; 670.73004; 1000.00000;   369
3.13904; 681.72562; 1020.56566; 212.12854; 681.72562; 1000.00000;   351
3.15080; 692.72119; 921.98344; 233.64286; 692.72119; 1000.00000;   470
3.16146; 703.71676; 1034.48814; 206.68963; 703.71676; 1000.00000;   320
3.17249; 714.71234; 1005.99949; 211.08594; 714.71234; 1000.00000;   374
3.18315; 725.70791; 1028.10420; 204.81555; 725.70791; 1000.00000;   342
3.19310; 736.70349; 1093.43421; 194.13877; 736.70349; 1000.00000;   267
3.20412; 747.69906; 1001.14490; 212.42415; 747.69906; 1000.00000;   389
3.21516; 758.69464; 1023.89184; 207.78181; 758.69464; 1000.00000;   345
3.22582; 769.69021; 1027.91198; 208.48439; 769.69021; 1000.00000;   344
3.23754; 780.68579; 928.91564; 228.12201; 780.68579; 1000.00000;   462
3.24821; 791.68136; 1040.26248; 201.88760; 791.68136; 1000.00000;   312
3.25888; 802.67693; 1031.96382; 205.20266; 802.67693; 1000.00000;   343
3.26954; 813.67251; 1002.78837; 209.57174; 813.67251; 1000.00000;   376
3.28021; 824.66808; 1044.11494; 200.69017; 824.66808; 1000.00000;   320
3.29124; 835.66366; 991.57493; 210.12832; 835.66366; 1000.00000;   390
3.30263; 846.65923; 989.25546; 206.02600; 846.65923; 1000.00000;   384
3.31366; 857.65481; 982.44947; 203.18269; 857.65481; 1000.00000;   392
3.32574; 868.65038; 898.40464; 219.77483; 868.65038; 1000.00000;   490
3.33676; 879.64596; 1014.72632; 195.19349; 879.64596; 1000.00000;   338
3.34779; 890.64153; 1007.56661; 199.35081; 890.64153; 1000.00000;   368
3.35845; 901.63710; 1006.27569; 204.51947; 901.63710; 1000.00000;   368
3.36912; 912.63268; 1028.58507; 204.09454; 912.63268; 1000.00000;   341
3.38052; 923.62825; 986.76967; 212.96051; 923.62825; 1000.00000;   394
3.39191; 934.62383; 943.82613; 216.64263; 934.62383; 1000.00000;   438
3.40330; 945.61940; 978.42805; 204.52753; 945.61940; 1000.00000;   390
3.41574; 956.61498; 893.80381; 219.41809; 956.61498; 1000.00000;   496
3.42677; 967.61055; 993.00772; 194.46208; 967.61055; 1000.00000;   365
3.43816; 978.60613; 960.06063; 200.57507; 978.60613; 1000.00000;   423
3.44955; 989.60170; 961.40373; 199.31647; 989.60170; 1000.00000;   416
3.46058; 1000.59727; 999.50681; 192.91749; 1000.59727; 1000.00000;   371
3.47196; 1011.59285; 973.05969; 198.54753; 1011.59285; 1000.00000;   410
3.48336; 1022.58842; 956.13691; 202.72970; 1022.58842; 1000.00000;   425
3.49439; 1033.58400; 991.39613; 197.88493; 1033.58400; 1000.00000;   381
3.50614; 1044.57957; 928.75872; 213.13848; 1044.57957; 1000.00000;   462
3.51718; 1055.57515; 1015.10104; 195.31538; 1055.57515; 1000.00000;   349
3.52821; 1066.57072; 999.96130; 202.87958; 1066.57072; 1000.00000;   382
3.53924; 1077.56630; 991.21738; 206.90262; 1077.56630; 1000.00000;   390
3.54990; 1088.56187; 1023.79650; 199.16907; 1088.56187; 1000.00000;   349
3.56094; 1099.55744; 989.16647; 208.54791; 1099.55744; 1000.00000;   397
3.57196; 1110.55302; 998.68978; 206.55924; 1110.55302; 1000.00000;   379
3.58335; 1121.54859; 975.73649; 208.87156; 1121.54859; 1000.00000;   408
3.59524; 1132.54417; 923.60978; 222.14249; 1132.54417; 1000.00000;   466
3.60591; 1143.53974; 1036.63377; 201.11717; 1143.53974; 1000.00000;   323
3.61658; 1154.53532; 1019.43023; 207.45091; 1154.53532; 1000.00000;   364
3.62761; 1165.53089; 1002.78837; 213.91712; 1165.53089; 1000.00000;   380
3.63827; 1176.52647; 1027.33574; 210.50918; 1176.52647; 1000.00000;   348
3.64966; 1187.52204; 976.68986; 220.52021; 1187.52204; 1000.00000;   412
3.66108; 1198.51762; 947.07790; 223.67336; 1198.51762; 1000.00000;   439
3.67266; 1209.51319; 957.30232; 220.05964; 1209.51319; 1000.00000;   422
3.68514; 1220.50876; 872.52614; 237.04860; 1220.50876; 1000.00000;   524
3.69617; 1231.50434; 990.94939; 202.84384; 1231.50434; 1000.00000;   371
3.70790; 1242.49991; 960.98361; 206.33271; 1242.49991; 1000.00000;   428
3.71965; 1253.49549; 935.07734; 206.56564; 1253.49549; 1000.00000;   454
3.73069; 1264.49106; 992.73875; 190.96273; 1264.49106; 1000.00000;   382
3.74209; 1275.48664; 960.22832; 196.29821; 1275.48664; 1000.00000;   431
3.75384; 1286.48221; 940.03372; 194.90242; 1286.48221; 1000.00000;   450
3.76523; 1297.47779; 958.38703; 179.51109; 1297.47779; 1000.00000;   425
3.77807; 1308.47336; 857.15423; 175.16594; 1308.47336; 1000.00000;   548
3.78946; 1319.46893; 959.22310; 125.61713; 1319.46893; 1000.00000;   413
3.80121; 1330.46451; 949.12166; 91.31321; 1330.46451; 1000.00000;   443
3.81260; 1341.46008; 957.05235; 55.75959; 1341.46008; 1000.00000;   433
3.82363; 1352.45566; 1003.42895; 29.65566; 1352.45566; 1000.00000;   379
3.83466; 1363.45123; 995.25475; 12.71581; 1363.45123; 1000.00000;   397
3.84569; 1374.44681; 987.56731; -0.10774; 1374.44681; 1000.00000;   405
3.85672; 1385.44238; 998.87123; -12.69010; 1385.44238; 1000.00000;   390
3.86847; 1396.43796; 950.68083; -29.49547; 1396.43796; 1000.00000;   449
3.87878; 1407.43353; 1051.00119; -46.74010; 1407.43353; 1000.00000;   321
3.88945; 1418.42910; 1026.08944; -66.46060; 1418.42910; 1000.00000;   369
3.89976; 1429.42468; 1061.45134; -75.10721; 1429.42468; 1000.00000;   322
3.91007; 1440.42025; 1070.85844; -84.24038; 1440.42025; 1000.00000;   317
3.92074; 1451.41583; 1039.37749; -92.79006; 1451.41583; 1000.00000;   355
3.93146; 1462.41140; 1008.67576; -102.51079; 1462.41140; 1000.00000;   386
3.94249; 1473.40698; 1010.43691; -108.79653; 1473.40698; 1000.00000;   378
3.95424; 1484.40255; 929.93695; -124.78685; 1484.40255; 1000.00000;   473
3.96491; 1495.39813; 1026.37678; -120.10772; 1495.39813; 1000.00000;   345
3.97593; 1506.39370; 996.60785; -128.12477; 1506.39370; 1000.00000;   398
3.98660; 1517.38927; 1041.34619; -128.09035; 1517.38927; 1000.00000;   339
3.99691; 1528.38485; 1056.75872; -130.10553; 1528.38485; 1000.00000;   328
4.00791; 1539.38042; 1013.60384; -135.69665; 1539.38042; 1000.00000;   382
4.01894; 1550.37600; 1001.23606; -139.43967; 1550.37600; 1000.00000;   389
4.02961; 1561.37157; 1012.76360; -139.04049; 1561.37157; 1000.00000;   373
4.04137; 1572.36715; 934.60046; -152.56937; 1572.36715; 1000.00000;   467
4.05204; 1583.36272; 1041.24758; -140.82940; 1583.36272; 1000.00000;   327
4.06307; 1594.35830; 1007.47429; -147.93010; 1594.35830; 1000.00000;   387
4.07373; 1605.35387; 1036.04772; -145.88990; 1605.35387; 1000.00000;   346
4.08404; 1616.34944; 1051.90610; -145.39573; 1616.34944; 1000.00000;   332
4.09506; 1627.34502; 1007.28971; -149.92474; 1627.34502; 1000.00000;   388
4.10610; 1638.34059; 984.29634; -153.27145; 1638.34059; 1000.00000;   407
4.11713; 1649.33617; 1005.17181; -150.80646; 1649.33617; 1000.00000;   378
4.12924; 1660.33174; 912.57154; -156.95224; 1660.33174; 1000.00000;   491
4.13991; 1671.32732; 1022.27356; -137.91822; 1671.32732; 1000.00000;   345
4.15099; 1682.32289; 991.03871; -142.49017; 1682.32289; 1000.00000;   403
4.16171; 1693.31847; 1031.86697; -136.40702; 1693.31847; 1000.00000;   348
4.17202; 1704.31404; 1045.00803; -141.31066; 1704.31404; 1000.00000;   339
4.18306; 1715.30961; 1002.23995; -148.36657; 1715.30961; 1000.00000;   392
4.19409; 1726.30519; 988.63284; -149.93069; 1726.30519; 1000.00000;   401
4.20511; 1737.30076; 992.20127; -146.38426; 1737.30076; 1000.00000;   394
4.21723; 1748.29634; 926.80162; -154.52824; 1748.29634; 1000.00000;   472
4.22791; 1759.29191; 1038.78833; -143.79508; 1759.29191; 1000.00000;   328
4.23858; 1770.28749; 1005.63147; -151.60763; 1770.28749; 1000.00000;   388
4.24926; 1781.28306; 1034.39082; -151.31324; 1781.28306; 1000.00000;   347
4.25957; 1792.27864; 1058.79388; -152.65202; 1792.27864; 1000.00000;   323
4.27060; 1803.27421; 1022.74900; -154.10932; 1803.27421; 1000.00000;   370
4.28163; 1814.26978; 993.72566; -155.88510; 1814.26978; 1000.00000;   398
4.29230; 1825.26536; 1011.55239; -152.22101; 1825.26536; 1000.00000;   371
4.30405; 1836.26093; 938.90995; -161.39343; 1836.26093; 1000.00000;   460
4.31471; 1847.25651; 1044.41247; -148.16479; 1847.25651; 1000.00000;   322
4.32538; 1858.25208; 1022.27356; -153.51336; 1858.25208; 1000.00000;   368
4.33568; 1869.24766; 1054.02362; -151.52900; 1869.24766; 1000.00000;   325
4.34599; 1880.24323; 1071.48455; -152.02403; 1880.24323; 1000.00000;   310
4.35666; 1891.23881; 1025.32399; -155.70215; 1891.23881; 1000.00000;   368
4.36769; 1902.23438; 1009.23125; -156.30352; 1902.23438; 1000.00000;   378
4.37836; 1913.22995; 1016.69667; -151.81657; 1913.22995; 1000.00000;   366
4.39011; 1924.22553; 935.71393; -161.76701; 1924.22553; 1000.00000;   463
4.40079; 1935.22110; 1051.50372; -146.65797; 1935.22110; 1000.00000;   311
4.41146; 1946.21668; 1016.13293; -152.43038; 1946.21668; 1000.00000;   375
4.42213; 1957.21225; 1049.59664; -150.63003; 1957.21225; 1000.00000;   328
4.43244; 1968.20783; 1072.11139; -148.01764; 1968.20783; 1000.00000;   306
4.44311; 1979.20340; 1014.25832; -154.61005; 1979.20340; 1000.00000;   379
4.45414; 1990.19898; 1008.21332; -156.44832; 1990.19898; 1000.00000;   375
4.46480; 2001.19455; 1002.69692; -154.68236; 2001.19455; 1000.00000;   380
4.47691; 2012.19012; 926.33315; -164.46785; 2012.19012; 1000.00000;   470
4.48754; 2023.18570; 1026.28098; -148.32271; 2023.18570; 1000.00000;   338
4.49857; 2034.18127; 1004.07035; -150.19194; 2034.18127; 1000.00000;   383
4.50891; 2045.17685; 1041.05041; -145.24767; 2045.17685; 1000.00000;   334
4.51958; 2056.17242; 1050.19813; -141.56629; 2056.17242; 1000.00000;   330
4.53062; 2067.16800; 998.96197; -130.99362; 2067.16800; 1000.00000;   392
4.54205; 2078.16357; 969.79842; -108.56460; 2078.16357; 1000.00000;   417
4.55307; 2089.15915; 975.13076; -76.10725; 2089.15915; 1000.00000;   406
4.56518; 2100.15472; 909.10082; -49.39650; 2100.15472; 1000.00000;   486
4.57621; 2111.15029; 1016.50869; -22.13228; 2111.15029; 1000.00000;   348
4.58688; 2122.14587; 1003.97868; 3.92486; 2122.14587; 1000.00000;   382
4.59777; 2133.14144; 1025.13280; 28.97659; 2133.14144; 1000.00000;   354
4.60771; 2144.13702; 1084.59010; 50.50973; 2144.13702; 1000.00000;   286
4.61874; 2155.13259; 1022.08351; 74.68003; 2155.13259; 1000.00000;   371
4.62941; 2166.12817; 1022.93929; 87.46533; 2166.12817; 1000.00000;   358
4.64008; 2177.12374; 1026.18520; 100.14077; 2177.12374; 1000.00000;   354
4.65185; 2188.11932; 934.20344; 121.25421; 2188.11932; 1000.00000;   464
4.66285; 2199.11489; 1007.28971; 124.69585; 2199.11489; 1000.00000;   361
4.67389; 2210.11046; 982.18619; 141.20143; 2210.11046; 1000.00000;   405
4.68492; 2221.10604; 1001.23606; 148.88831; 2221.10604; 1000.00000;   378
4.69559; 2232.10161; 1043.61944; 154.73897; 2232.10161; 1000.00000;   330
4.70662; 2243.09719; 992.38037; 171.77937; 2243.09719; 1000.00000;   399
4.71765; 2254.09276; 991.57493; 178.74453; 2254.09276; 1000.00000;   391
4.72867; 2265.08834; 997.42148; 181.77606; 2265.08834; 1000.00000;   383
4.74080; 2276.08391; 916.22152; 200.41193; 2276.08391; 1000.00000;   480
4.75148; 2287.07949; 1009.88009; 184.81882; 2287.07949; 1000.00000;   356
4.76249; 2298.07506; 1023.41534; 189.21861; 2298.07506; 1000.00000;   357
4.77281; 2309.07063; 1033.71011; 189.97937; 2309.07063; 1000.00000;   347
4.78351; 2320.06621; 1046.89845; 191.79854; 2320.06621; 1000.00000;   332
4.79426; 2331.06178; 1012.57707; 200.58088; 2331.06178; 1000.00000;   375
4.80530; 2342.05736; 996.15641; 202.50821; 2342.05736; 1000.00000;   388
4.81634; 2353.05293; 1017.63762; 199.30828; 2353.05293; 1000.00000;   360
4.82773; 2364.04851; 937.94886; 215.17349; 2364.04851; 1000.00000;   458
4.83840; 2375.04408; 1053.31684; 193.13026; 2375.04408; 1000.00000;   307
4.84907; 2386.03966; 1034.87760; 199.17558; 2386.03966; 1000.00000;   350
4.85972; 2397.03523; 1034.97500; 202.31030; 2397.03523; 1000.00000;   346
4.86966; 2408.03080; 1082.77444; 196.75310; 2408.03080; 1000.00000;   287
4.88069; 2419.02638; 1017.82602; 208.63755; 2419.02638; 1000.00000;   373
4.89136; 2430.02195; 1004.80439; 207.24852; 2430.02195; 1000.00000;   377
4.90238; 2441.01753; 1006.45990; 205.52095; 2441.01753; 1000.00000;   373
4.91449; 2452.01310; 917.13858; 229.67273; 2452.01310; 1000.00000;   478
4.92516; 2463.00868; 1014.44547; 206.74088; 2463.00868; 1000.00000;   348
4.93655; 2474.00425; 982.27394; 214.75918; 2474.00425; 1000.00000;   404
4.94766; 2484.99983; 987.65602; 213.64204; 2484.99983; 1000.00000;   392
4.95835; 2495.99540; 1032.15756; 199.04771; 2495.99540; 1000.00000;   340
4.96936; 2506.99097; 997.96464; 207.34061; 2506.99097; 1000.00000;   389
4.98039; 2517.98655; 972.02744; 211.54544; 2517.98655; 1000.00000;   413
4.99176; 2528.98212; 991.93274; 206.56375; 2528.98212; 1000.00000;   385
5.00351; 2539.97770; 918.59436; 225.08423; 2539.97770; 1000.00000;   476
5.01418; 2550.97327; 1024.36878; 201.56484; 2550.97327; 1000.00000;   337
5.02557; 2561.96885; 990.32464; 209.75304; 2561.96885; 1000.00000;   397
5.03660; 2572.96442; 991.66436; 209.01525; 2572.96442; 1000.00000;   390
5.04691; 2583.96000; 1051.90610; 197.52343; 2583.96000; 1000.00000;   318
5.05791; 2594.95557; 996.51753; 208.73489; 2594.95557; 1000.00000;   395
5.06930; 2605.95114; 988.98853; 210.75305; 2605.95114; 1000.00000;   394
5.08033; 2616.94672; 979.91039; 210.58033; 2616.94672; 1000.00000;   403
5.09245; 2627.94229; 923.37710; 221.44038; 2627.94229; 1000.00000;   469
5.10275; 2638.93787; 1052.10740; 195.81815; 2638.93787; 1000.00000;   305
5.11342; 2649.93344; 1018.39163; 201.61802; 2649.93344; 1000.00000;   370
5.12446; 2660.92902; 1012.48384; 203.71483; 2660.92902; 1000.00000;   370
5.13476; 2671.92459; 1053.51868; 193.47531; 2671.92459; 1000.00000;   320
5.14543; 2682.92017; 1037.70993; 195.36033; 2682.92017; 1000.00000;   346
5.15610; 2693.91574; 1038.39593; 198.05834; 2693.91574; 1000.00000;   342
5.16677; 2704.91131; 1010.90139; 205.43161; 2704.91131; 1000.00000;   374
5.17888; 2715.90689; 928.91564; 221.43881; 2715.90689; 1000.00000;   466
5.18955; 2726.90246; 1027.14381; 199.06095; 2726.90246; 1000.00000;   335
5.20058; 2737.89804; 990.32464; 206.70479; 2737.89804; 1000.00000;   397
5.21161; 2748.89361; 999.05274; 203.47134; 2748.89361; 1000.00000;   380
5.22228; 2759.88919; 1031.38303; 201.55567; 2759.88919; 1000.00000;   343
5.23296; 2770.88476; 1009.97285; 206.27458; 2770.88476; 1000.00000;   374
5.24404; 2781.88034; 996.87892; 204.53384; 2781.88034; 1000.00000;   386
5.25507; 2792.87591; 998.59908; 206.23627; 2792.87591; 1000.00000;   381
5.26683; 2803.87148; 927.97489; 221.63030; 2803.87148; 1000.00000;   465
5.27749; 2814.86706; 1056.55563; 197.32087; 2814.86706; 1000.00000;   300
5.28816; 2825.86263; 1021.51379; 210.44549; 2825.86263; 1000.00000;   365
5.29882; 2836.85821; 1024.84616; 210.79430; 2836.85821; 1000.00000;   355
5.30913; 2847.85378; 1064.84355; 203.58728; 2847.85378; 1000.00000;   307
5.31980; 2858.84936; 1027.62378; 210.73116; 2858.84936; 1000.00000;   358
5.33080; 2869.84493; 1016.22684; 212.35832; 2869.84493; 1000.00000;   365
5.34146; 2880.84051; 1033.71011; 209.05871; 2880.84051; 1000.00000;   341
5.35285; 2891.83608; 948.30310; 226.29550; 2891.83608; 1000.00000;   446
5.36353; 2902.83165; 1027.91198; 206.21158; 2902.83165; 1000.00000;   336
5.37420; 2913.82723; 1028.29650; 205.48777; 2913.82723; 1000.00000;   350
5.38487; 2924.82280; 1056.35262; 200.29933; 2924.82280; 1000.00000;   316
5.39482; 2935.81838; 1097.80096; 192.58145; 2935.81838; 1000.00000;   270
5.40548; 2946.81395; 1012.57707; 208.51793; 2946.81395; 1000.00000;   380
5.41615; 2957.80953; 1035.26734; 201.81789; 2957.80953; 1000.00000;   336
5.42649; 2968.80510; 1069.81655; 197.30413; 2968.80510; 1000.00000;   298
5.43790; 2979.80068; 979.47394; 220.89393; 2979.80068; 1000.00000;   412
5.44784; 2990.79625; 1070.85844; 204.03710; 2990.79625; 1000.00000;   285
5.45850; 3001.79182; 1036.14535; 212.83619; 3001.79182; 1000.00000;   344
5.46917; 3012.78740; 1051.10166; 207.49763; 3012.78740; 1000.00000;   319
5.47948; 3023.78297; 1072.94833; 202.41641; 3023.78297; 1000.00000;   295
5.48979; 3034.77855; 1036.73152; 210.56787; 3034.77855; 1000.00000;   342
5.50080; 3045.77412; 1020.28157; 215.52798; 3045.77412; 1000.00000;   354
5.51110; 3056.76970; 1046.59951; 211.67586; 3056.76970; 1000.00000;   319
5.52285; 3067.76527; 954.06286; 231.41345; 3067.76527; 1000.00000;   433
5.53315; 3078.76085; 1058.89584; 210.40771; 3078.76085; 1000.00000;   292
5.54382; 3089.75642; 1036.24300; 215.96151; 3089.75642; 1000.00000;   338
5.55413; 3100.75199; 1048.09593; 215.06366; 3100.75199; 1000.00000;   319
5.56443; 3111.74757; 1078.84365; 212.03649; 3111.74757; 1000.00000;   284
5.57510; 3122.74314; 1043.61944; 218.34633; 3122.74314; 1000.00000;   331
5.58574; 3133.73872; 1019.24124; 220.73575; 3133.73872; 1000.00000;   353
5.59632; 3144.73429; 1042.62985; 216.20374; 3144.73429; 1000.00000;   320
5.60771; 3155.72987; 952.24512; 233.32081; 3155.72987; 1000.00000;   432
5.61837; 3166.72544; 1051.00119; 209.77781; 3166.72544; 1000.00000;   298
5.62904; 3177.72102; 1019.80843; 213.43148; 3177.72102; 1000.00000;   353
5.63971; 3188.71659; 1038.19983; 198.68150; 3188.71659; 1000.00000;   325
5.65001; 3199.71216; 1059.61014; 180.06314; 3199.71216; 1000.00000;   302
5.66068; 3210.70774; 1024.94169; 165.27206; 3210.70774; 1000.00000;   347
5.67171; 3221.70331; 1018.86346; 144.98984; 3221.70331; 1000.00000;   348
5.68254; 3232.69889; 1014.81998; 128.45244; 3232.69889; 1000.00000;   351
5.69393; 3243.69446; 951.58585; 122.07829; 3243.69446; 1000.00000;   425
5.70461; 3254.69004; 1049.69684; 100.58187; 3254.69004; 1000.00000;   297
5.71527; 3265.68561; 1027.14381; 91.29002; 3265.68561; 1000.00000;   342
5.72594; 3276.68119; 1025.41961; 78.52015; 3276.68119; 1000.00000;   340
5.73625; 3287.67676; 1069.29636; 66.81249; 3287.67676; 1000.00000;   286
5.74728; 3298.67233; 996.06617; 63.00144; 3298.67233; 1000.00000;   381
5.75826; 3309.66791; 986.06174; 54.39870; 3309.66791; 1000.00000;   380
5.76950; 3320.66348; 977.73203; 49.34491; 3320.66348; 1000.00000;   388
5.78198; 3331.65906; 886.09674; 46.28640; 3331.65906; 1000.00000;   495
5.79301; 3342.65463; 983.67995; 37.99874; 3342.65463; 1000.00000;   365
5.80476; 3353.65021; 943.01668; 38.21762; 3353.65021; 1000.00000;   431
5.81615; 3364.64578; 964.18576; 32.50071; 3364.64578; 1000.00000;   400
5.82718; 3375.64136; 998.59908; 25.97436; 3375.64136; 1000.00000;   363
5.83857; 3386.63693; 961.90836; 21.25252; 3386.63693; 1000.00000;   413
5.85032; 3397.63251; 947.97607; 17.24975; 3397.63251; 1000.00000;   423
5.86171; 3408.62808; 948.46670; 15.30349; 3408.62808; 1000.00000;   421
5.87455; 3419.62365; 868.66602; 16.04454; 3419.62365; 1000.00000;   515
5.88594; 3430.61923; 966.64391; 14.02000; 3430.61923; 1000.00000;   388
5.89733; 3441.61480; 954.55981; 15.04997; 3441.61480; 1000.00000;   420
5.90835; 3452.61038; 989.52254; 13.83733; 3452.61038; 1000.00000;   377
5.91938; 3463.60595; 1011.92476; 12.36367; 3463.60595; 1000.00000;   357
5.93077; 3474.60153; 980.52207; 9.41320; 3474.60153; 1000.00000;   398
5.94212; 3485.59710; 957.96955; 5.04502; 3485.59710; 1000.00000;   419
5.95351; 3496.59268; 968.26122; 4.09675; 3496.59268; 1000.00000;   404
5.96562; 3507.58825; 893.07785; 4.76006; 3507.58825; 1000.00000;   495
5.97665; 3518.58382; 998.14583; 5.28027; 3518.58382; 1000.00000;   358
5.98809; 3529.57940; 974.78497; 8.58443; 3529.57940; 1000.00000;   405
5.99912; 3540.57497; 1004.16205; 9.78848; 3540.57497; 1000.00000;   366
6.00978; 3551.57055; 1026.95194; 10.79393; 3551.57055; 1000.00000;   344
6.02080; 3562.56612; 987.56731; 11.51235; 3562.56612; 1000.00000;   395
6.03219; 3573.56170; 983.32807; 9.69333; 3573.56170; 1000.00000;   393
6.04321; 3584.55727; 975.99631; 8.07621; 3584.55727; 1000.00000;   401
6.05568; 3595.55285; 898.25786; 5.98920; 3595.55285; 1000.00000;   492
6.06635; 3606.54842; 1006.82854; 5.25211; 3606.54842; 1000.00000;   350
6.07774; 3617.54399; 974.95783; 6.38410; 3617.54399; 1000.00000;   409
6.08841; 3628.53957; 1022.93929; 6.93147; 3628.53957; 1000.00000;   346
6.09908; 3639.53514; 1052.61099; 5.97963; 3639.53514; 1000.00000;   319
6.10971; 3650.53072; 1028.29650; 4.52980; 3650.53072; 1000.00000;   353
6.12075; 3661.52629; 992.29081; 1.52410; 3661.52629; 1000.00000;   391
6.13176; 3672.52187; 1004.89622; -0.43676; 3672.52187; 1000.00000;   369
6.14388; 3683.51744; 903.34986; 0.31325; 3683.51744; 1000.00000;   491
6.15496; 3694.51302; 1001.50965; 0.75870; 3694.51302; 1000.00000;   359
6.16602; 3705.50859; 966.81390; 1.76337; 3705.50859; 1000.00000;   418
6.17705; 3716.50416; 1011.08731; 1.80298; 3716.50416; 1000.00000;   359
6.18773; 3727.49974; 1027.91198; 1.79050; 3727.49974; 1000.00000;   347
6.19875; 3738.49531; 1005.90746; 2.44727; 3738.49531; 1000.00000;   376
6.21015; 3749.49089; 969.54188; 2.48942; 3749.49089; 1000.00000;   415
6.22118; 3760.48646; 975.30375; 2.71246; 3760.48646; 1000.00000;   402
6.23366; 3771.48204; 890.47412; 2.62694; 3771.48204; 1000.00000;   503
6.24465; 3782.47761; 991.48552; 1.04437; 3782.47761; 1000.00000;   370
6.25604; 3793.47319; 957.13566; 1.92290; 3793.47319; 1000.00000;   430
6.26707; 3804.46876; 1001.69212; 1.65829; 3804.46876; 1000.00000;   371
6.27810; 3815.46433; 1013.79075; 1.12928; 3815.46433; 1000.00000;   365
6.28914; 3826.45991; 986.32709; 1.71518; 3826.45991; 1000.00000;   400
6.30055; 3837.45548; 956.71926; 0.38723; 3837.45548; 1000.00000;   430
6.31194; 3848.45106; 963.34102; -0.01962; 3848.45106; 1000.00000;   417
6.32477; 3859.44663; 877.60990; 0.43710; 3859.44663; 1000.00000;   520
6.33580; 3870.44221; 992.73875; 0.80948; 3870.44221; 1000.00000;   370
6.34686; 3881.43778; 974.95783; 3.14870; 3881.43778; 1000.00000;   413
6.35826; 3892.43336; 979.12506; 2.78677; 3892.43336; 1000.00000;   405
6.36893; 3903.42893; 1023.12966; 3.18432; 3903.42893; 1000.00000;   353
6.37996; 3914.42450; 1002.78837; 4.67556; 3914.42450; 1000.00000;   385
6.39103; 3925.42008; 988.54396; 3.74715; 3925.42008; 1000.00000;   398
6.40170; 3936.41565; 1019.33572; 4.77134; 3936.41565; 1000.00000;   359
6.41346; 3947.41123; 948.54852; 6.42347; 3947.41123; 1000.00000;   448
6.42414; 3958.40680; 1039.57402; 8.19672; 3958.40680; 1000.00000;   328
6.43481; 3969.40238; 1026.95194; 10.71299; 3969.40238; 1000.00000;   359
6.44620; 3980.39795; 950.10580; 16.25790; 3980.39795; 1000.00000;   448
6.45760; 3991.39353; 958.88850; 10.40121; 3991.39353; 1000.00000;   425
6.46935; 4002.38910; 961.23564; 5.18263; 4002.38910; 1000.00000;   424
6.48037; 4013.38467; 970.82593; 0.68354; 4013.38467; 1000.00000;   414
6.49177; 4024.38025; 990.68154; -4.63837; 4024.38025; 1000.00000;   392
6.50351; 4035.37582; 926.41119; 0.29129; 4035.37582; 1000.00000;   472
6.51418; 4046.37140; 1021.79857; 1.64707; 4046.37140; 1000.00000;   347
6.52522; 4057.36697; 999.14352; 3.31331; 4057.36697; 1000.00000;   392
6.53589; 4068.36255; 1040.65630; 3.43339; 4068.36255; 1000.00000;   338
6.54619; 4079.35812; 1059.09983; 1.56428; 4079.35812; 1000.00000;   323
6.55682; 4090.35370; 1022.46368; -0.14257; 4090.35370; 1000.00000;   370
StraightCount: 

YawRate: -1440.78
New round detected!
Lap length: 4101.35
6.56836; 0.00000; 988.81065; -1.45708; 0.00000; 3800.00000;   403
6.57904; 10.99557; 996.06617; -1.65729; 10.99557; 3800.00000;   840
6.59162; 21.99115; 919.82386; -3.88270; 21.99115; 3800.00000;   860
6.60229; 32.98672; 986.50408; -3.82870; 32.98672; 3800.00000;   842
6.61296; 43.98230; 1021.41890; -3.02107; 43.98230; 3800.00000;   853
6.62294; 54.97787; 1111.89953; -3.38904; 54.97787; 3800.00000;   847
6.63181; 65.97345; 1237.12584; -0.84987; 65.97345; 3800.00000;   842
6.64067; 76.96902; 1224.31516; 1.41393; 76.96902; 3800.00000;   878
6.64953; 87.96460; 1235.73550; -0.18877; 87.96460; 3800.00000;   877
6.65805; 98.96017; 1299.25256; -0.63077; 98.96017; 3800.00000;   869
6.66547; 109.95574; 1464.12443; -1.00796; 109.95574; 3800.00000;   844
6.67144; 120.95132; 1829.54650; -0.62490; 120.95132; 3800.00000;   769
6.67743; 131.94689; 1875.73771; 1.34739; 131.94689; 3800.00000;   879
6.68305; 142.94247; 1930.74178; 3.27587; 142.94247; 3800.00000;   878
6.68866; 153.93804; 2036.21749; 5.48896; 153.93804; 1612.17299;   863
6.69391; 164.93362; 2030.57700; 10.47478; 164.93362; 1612.17299;    50
6.69990; 175.92919; 1832.29036; 20.94195; 175.92919; 3800.00000;   293
6.70915; 186.92477; 1214.44383; 47.63794; 186.92477; 3408.64941;  1023
6.71838; 197.92034; 1167.25843; 65.82291; 197.92034; 2899.81482;   917
6.72543; 208.91591; 1591.71605; 57.17012; 208.91591; 3111.53188;   790
6.73322; 219.91149; 1428.92455; 72.97567; 219.91149; 2754.03700;   956
6.74028; 230.90706; 1520.19556; 79.91602; 230.90706; 2631.73342;   892
6.74769; 241.90264; 1459.07304; 94.77497; 241.90264; 2416.64017;   939
6.75546; 252.89821; 1449.64726; 106.27403; 252.89821; 2282.15557;   929
6.76321; 263.89379; 1397.50565; 119.54011; 263.89379; 2151.80044;   944
6.77104; 274.88936; 1414.40371; 126.48827; 274.88936; 2091.86518;   931
6.77954; 285.88494; 1319.36338; 149.91168; 285.88494; 1921.50308;   962
6.78732; 296.88051; 1359.82865; 161.39568; 296.88051; 1851.88005;   933
6.79510; 307.87608; 1475.12402; 162.02356; 307.87608; 1848.28834;   844
6.80221; 318.87166; 1525.25655; 169.64882; 318.87166; 1806.27300;   809
6.80854; 329.86723; 1760.98246; 155.13562; 329.86723; 1612.17299;   471
6.81451; 340.86281; 1808.48264; 160.28277; 340.86281; 1695.38712;   287
6.82157; 351.85838; 1549.76384; 199.35447; 351.85838; 1666.27172;   719
6.82972; 362.85396; 1329.57369; 243.49147; 362.85396; 1507.70696;   894
6.83713; 373.84953; 1492.34181; 222.48956; 373.84953; 1577.26255;   475
6.84346; 384.84511; 1782.10283; 187.93415; 384.84511; 1716.15284;   206
6.85088; 395.84068; 1459.84791; 228.52370; 395.84068; 1556.29953;   848
6.85902; 406.83625; 1327.32671; 243.60042; 406.83625; 1507.36974;   768
6.86572; 417.83183; 1651.97933; 189.57250; 417.83183; 1708.72096;   264
6.87313; 428.82740; 1498.44296; 201.20709; 428.82740; 1658.58285;   759
6.88163; 439.82298; 1299.40610; 221.74109; 439.82298; 1579.92228;   917
6.88869; 450.81855; 1560.31992; 182.72445; 450.81855; 1740.44571;   457
6.89610; 461.81413; 1477.89979; 190.57312; 461.81413; 1704.22915;   798
6.90353; 472.80970; 1514.95928; 179.84384; 472.80970; 1754.32893;   694
6.91058; 483.80528; 1540.21214; 170.51253; 483.80528; 1801.69245;   724
6.91727; 494.80085; 1585.06191; 156.98510; 494.80085; 1877.71466;   722
6.92429; 505.79642; 1624.88170; 152.47562; 505.79642; 1905.27910;   762
6.93099; 516.79200; 1643.33798; 155.00416; 516.79200; 1889.67507;   779
6.93731; 527.78757; 1675.38846; 159.09995; 527.78757; 1865.19304;   729
6.94365; 538.78315; 1774.91113; 159.48642; 538.78315; 1862.93180;   584
6.95034; 549.77872; 1638.92897; 180.75934; 549.77872; 1749.88067;   792
6.95666; 560.77430; 1784.99585; 173.87952; 560.77430; 1569.23634;   445
6.96300; 571.76987; 1710.30867; 189.15436; 571.76987; 1710.60851;   408
6.97005; 582.76545; 1539.34964; 213.52108; 582.76545; 1610.04655;   747
6.97784; 593.76102; 1454.44106; 224.32275; 593.76102; 1570.80454;   706
6.98453; 604.75659; 1606.36588; 196.72579; 604.75659; 1677.36726;   447
6.99123; 615.75217; 1668.01797; 185.72483; 615.75217; 1726.33005;   519
6.99792; 626.74774; 1604.95905; 194.36585; 626.74774; 1687.51964;   670
7.00534; 637.74332; 1492.34181; 211.70408; 637.74332; 1616.94109;   757
7.01204; 648.73889; 1645.05901; 193.24754; 648.73889; 1692.39538;   457
7.01874; 659.73447; 1611.54543; 199.22366; 659.73447; 1666.81867;   622
7.02546; 670.73004; 1641.62055; 195.65375; 670.73004; 1612.05894;   548
7.03213; 681.72562; 1700.25892; 188.61273; 681.72562; 1539.15569;   425
7.03882; 692.72119; 1581.18701; 206.39666; 692.72119; 1539.15569;   524
7.04587; 703.71676; 1556.78528; 210.22478; 703.71676; 1622.62011;   520
7.05293; 714.71234; 1580.50517; 207.24693; 714.71234; 1634.23593;   566
7.06034; 725.70791; 1471.57046; 224.24460; 725.70791; 1571.07826;   724
7.06704; 736.70349; 1632.35963; 204.31112; 736.70349; 1643.90741;   423
7.07410; 747.69906; 1600.98638; 208.28205; 747.69906; 1630.16998;   584
7.08115; 758.69464; 1578.91649; 207.77966; 758.69464; 1614.19825;   590
7.08748; 769.69021; 1685.40381; 193.23698; 769.69021; 1557.66916;   427
7.09454; 780.68579; 1608.01030; 201.67500; 780.68579; 1557.66916;   503
7.10123; 791.68136; 1578.46317; 203.46561; 791.68136; 1557.66916;   520
7.10832; 802.67693; 1571.46984; 207.49752; 802.67693; 1633.24882;   520
7.11576; 813.67251; 1466.27210; 222.00849; 813.67251; 1578.97053;   728
7.12282; 824.66808; 1613.91082; 199.96178; 824.66808; 1625.14627;   456
7.12951; 835.66366; 1642.60150; 196.66888; 835.66366; 1622.99252;   506
7.13620; 846.65923; 1621.52698; 197.77337; 846.65923; 1622.99252;   540
7.14290; 857.65481; 1650.24380; 194.29734; 857.65481; 1622.99252;   496
7.14958; 868.65038; 1604.25656; 199.86156; 868.65038; 1586.97410;   565
7.15664; 879.64596; 1587.80858; 200.97580; 879.64596; 1586.97410;   536
7.16333; 890.64153; 1615.33340; 196.81996; 890.64153; 1586.97410;   496
7.17111; 901.63710; 1430.03960; 220.15333; 901.63710; 1585.60931;   738
7.17780; 912.63268; 1603.08710; 194.05790; 912.63268; 1645.09688;   464
7.18485; 923.62825; 1624.16166; 193.18303; 923.62825; 1612.16419;   549
7.19155; 934.62383; 1617.47197; 193.14622; 934.62383; 1598.40509;   530
7.19824; 945.61940; 1612.49075; 191.29558; 945.61940; 1598.40509;   521
7.20530; 956.61498; 1564.76084; 197.97505; 956.61498; 1598.40509;   581
7.21236; 967.61055; 1531.63037; 199.46097; 967.61055; 1588.26365;   611
7.21941; 978.60613; 1559.65595; 193.77862; 978.60613; 1588.26365;   555
7.22718; 989.60170; 1441.47541; 211.75689; 989.60170; 1616.73946;   713
7.23424; 1000.59727; 1573.26863; 191.33444; 1000.59727; 1661.19395;   542
7.24129; 1011.59285; 1552.38945; 191.85334; 989.60170; 1666.43054;   652
7.24835; 1022.58842; 1553.92516; 189.60282; 1000.59727; 1693.84242;   650
7.25501; 1033.58400; 1614.85893; 179.63092; 1011.59285; 1755.36834;   600
7.26207; 1044.57957; 1570.79635; 183.95954; 1022.58842; 1652.34269;   737
7.26912; 1055.57515; 1546.71184; 186.39977; 1033.58400; 1672.44735;   654
7.27618; 1066.57072; 1623.92179; 178.47217; 1044.57957; 1611.49097;   568
7.28357; 1077.56630; 1469.40725; 196.27462; 1055.57515; 1679.29401;   727
7.29063; 1088.56187; 1563.42591; 185.05344; 1066.57072; 1651.73225;   633
7.29768; 1099.55744; 1539.78077; 187.50306; 1077.56630; 1718.12452;   664
7.30438; 1110.55302; 1611.54543; 180.91786; 1088.56187; 1749.11390;   631
7.31104; 1121.54859; 1659.95991; 177.25155; 1099.55745; 1629.13056;   621
7.31810; 1132.54417; 1618.90083; 182.71995; 1110.55302; 1636.95409;   568
7.32479; 1143.53974; 1579.37007; 191.41245; 1121.54859; 1700.48857;   616
7.33185; 1154.53532; 1609.42249; 187.95242; 1132.54417; 1578.49422;   630
7.33926; 1165.53089; 1466.07659; 207.85142; 1143.53974; 1631.85782;   700
7.34595; 1176.52647; 1648.26480; 185.11314; 1154.53532; 1633.43232;   478
7.35301; 1187.52204; 1546.49430; 194.86200; 1165.53089; 1685.36990;   665
7.36006; 1198.51762; 1597.03333; 189.30912; 1176.52647; 1621.52369;   624
7.36639; 1209.51319; 1699.73326; 180.29291; 1187.52204; 1573.08315;   439
7.37308; 1220.50876; 1663.47571; 186.41081; 1198.51762; 1573.08315;   469
7.38015; 1231.50434; 1544.32225; 202.83888; 1187.52204; 1651.89793;   612
7.38721; 1242.49991; 1536.76792; 204.47938; 1198.51762; 1645.25816;   667
7.39499; 1253.49549; 1440.90872; 214.28741; 1209.51319; 1607.16506;   781
7.40169; 1264.49106; 1649.00637; 184.44356; 1220.50876; 1732.31581;   448
7.40802; 1275.48664; 1654.46501; 184.49875; 1242.49991; 1637.85245;   628
7.41508; 1286.48221; 1621.28789; 190.26840; 1242.49991; 1705.59330;   578
7.42176; 1297.47779; 1654.46501; 188.74030; 1253.49549; 1712.48387;   594
7.42845; 1308.47336; 1612.96383; 197.04672; 1286.48221; 1676.00077;   665
7.43515; 1319.46893; 1613.43719; 196.99433; 1297.47779; 1676.22360;   616
7.44184; 1330.46451; 1646.04408; 191.91192; 1308.47336; 1698.27431;   575
7.44889; 1341.46008; 1542.80545; 208.40920; 1319.46893; 1629.67262;   740
7.45558; 1352.45566; 1709.24521; 191.41445; 1330.46451; 1700.47972;   426
7.46192; 1363.45123; 1688.25034; 196.80092; 1341.46008; 1677.04705;   574
7.46861; 1374.44681; 1656.95818; 201.97242; 1352.45566; 1655.43746;   585
7.47530; 1385.44238; 1675.13322; 192.28798; 1363.45123; 1696.61284;   530
7.48199; 1396.43796; 1626.56427; 180.77243; 1374.44681; 1749.81734;   640
7.48904; 1407.43353; 1569.89926; 160.84223; 1385.44238; 1855.06345;   753
7.49573; 1418.42910; 1619.85481; 124.44663; 1396.43796; 2108.95464;   779
7.50279; 1429.42468; 1567.88456; 96.19760; 1407.43353; 2398.70425;  1023
7.50876; 1440.42025; 1786.15569; 60.55070; 1418.42910; 3023.42524;   943
7.51473; 1451.41583; 1889.59863; 40.04712; 1429.42468; 2714.67595;   985
7.51998; 1462.41140; 2042.26866; 23.47596; 1440.42025; 3800.00000;   964
7.52522; 1473.40698; 2190.78989; 9.36328; 1451.41583; 3800.00000;   968
7.53011; 1484.40255; 2226.72630; -7.63965; 1462.41140; 1904.69369;  1013
7.53501; 1495.39813; 2253.19149; -27.42505; 1473.40698; 1904.69369;   216
7.53989; 1506.39370; 2201.31621; -47.45690; 1484.40255; 1904.69369;   298
7.54767; 1517.38927; 1451.56098; -93.45596; 1495.39813; 2146.70986;  1023
7.55472; 1528.38485; 1519.35532; -100.12727; 1506.39370; 2078.46285;  1013
7.56069; 1539.38042; 1856.41980; -86.27906; 1517.38927; 2532.83044;   693
7.56630; 1550.37600; 1933.79783; -88.54605; 1528.38485; 2062.58065;  1009
7.57191; 1561.37157; 1993.75783; -94.76585; 1539.38042; 2019.64130;   634
7.57824; 1572.36715; 1771.76514; -117.73402; 1550.37600; 2168.24240;   907
7.58421; 1583.36272; 1805.80957; -124.63116; 1561.37157; 2107.39277;   942
7.58982; 1594.35830; 1953.37972; -123.37727; 1572.36715; 1904.69369;   694
7.59559; 1605.35387; 1873.18134; -137.04668; 1583.36272; 2009.66912;   652
7.60120; 1616.34944; 1994.48113; -135.00292; 1594.35830; 1934.32985;   565
7.60717; 1627.34502; 1878.94300; -149.29313; 1605.35387; 1925.47953;   687
7.61278; 1638.34059; 1909.94866; -150.74759; 1616.34944; 1916.16821;   598
7.61840; 1649.33617; 1983.32872; -147.72899; 1627.34502; 1921.41934;   499
7.62401; 1660.33174; 1925.66978; -155.13766; 1638.34059; 1888.86186;   609
7.62998; 1671.32732; 1859.55935; -160.98244; 1649.33617; 1854.25544;   644
7.63595; 1682.32289; 1875.41778; -159.00998; 1660.33174; 1865.72064;   566
7.64228; 1693.31847; 1744.77538; -169.21599; 1671.32732; 1808.58160;   756
7.64788; 1704.31404; 1877.98026; -153.82158; 1682.32289; 1896.92505;   476
7.65385; 1715.30961; 1859.24492; -153.96447; 1693.31847; 1896.04466;   637
7.65982; 1726.30519; 1880.87144; -150.03093; 1704.31404; 1920.73922;   602
7.66543; 1737.30076; 1936.52245; -143.36983; 1715.30961; 1931.48255;   558
7.67140; 1748.29634; 1877.98026; -147.12623; 1726.30519; 1939.60710;   667
7.67739; 1759.29191; 1824.08335; -151.09686; 1737.30076; 1913.95220;   728
7.68336; 1770.28749; 1860.50329; -147.17968; 1748.29634; 1892.58277;   636
7.68933; 1781.28306; 1758.44786; -158.09761; 1759.29191; 1871.09640;   764
7.69530; 1792.27864; 1893.50344; -147.65297; 1770.28749; 1936.14431;   528
7.70127; 1803.27421; 1873.18134; -149.33426; 1781.28306; 1912.58326;   666
7.70688; 1814.26978; 1885.06334; -145.28996; 1792.27864; 1904.17796;   620
7.71249; 1825.26536; 1937.54616; -136.72101; 1803.27421; 1895.15338;   544
7.71848; 1836.26093; 1884.74022; -139.87844; 1814.26978; 1884.32803;   624
7.72446; 1847.25651; 1830.46020; -144.03353; 1825.26536; 1906.87188;   669
7.73044; 1858.25208; 1859.55935; -148.47074; 1836.26093; 1851.89297;   635
7.73677; 1869.24766; 1770.90908; -160.41169; 1847.25651; 1857.55123;   707
7.74238; 1880.24323; 1927.01971; -148.47222; 1858.25208; 1898.82842;   472
7.74799; 1891.23881; 1895.78870; -153.49358; 1869.24766; 1898.95075;   611
7.75393; 1902.23438; 1921.29555; -151.23950; 1880.24323; 1908.10685;   566
7.75954; 1913.22995; 1973.36225; -148.25118; 1891.23881; 1885.43475;   513
7.76515; 1924.22553; 1918.61358; -153.27971; 1902.23438; 1881.80418;   583
7.77113; 1935.22110; 1870.95022; -155.50796; 1913.22995; 1886.61161;   623
7.77674; 1946.21668; 1890.57332; -153.02839; 1924.22553; 1849.75337;   586
7.78307; 1957.21225; 1775.19768; -161.89227; 1935.22110; 1849.03768;   708
7.78868; 1968.20783; 1927.01971; -148.25654; 1946.21668; 1905.56186;   464
7.79465; 1979.20340; 1879.90673; -151.61831; 1957.21225; 1910.65815;   638
7.80064; 1990.19898; 1872.54333; -149.50430; 1968.20783; 1924.11921;   638
7.80626; 2001.19455; 1944.39866; -141.23205; 1979.20340; 1892.08202;   551
7.81187; 2012.19012; 1894.48216; -141.66016; 1990.19898; 1880.93318;   612
7.81784; 2023.18570; 1824.99161; -143.03156; 2001.19455; 1967.17444;   677
7.82382; 2034.18127; 1826.81084; -139.70872; 2012.19012; 1834.50246;   738
7.83015; 2045.17685; 1747.54839; -143.19641; 2012.19012; 1966.04182;   711
7.83612; 2056.17242; 1928.70978; -127.29178; 2034.18127; 1919.70943;   576
7.84173; 2067.16800; 1872.86228; -131.24638; 2034.18127; 1919.70943;   666
7.84770; 2078.16357; 1906.63680; -130.11695; 2034.18127; 1919.70943;   601
7.85331; 2089.15915; 1980.47090; -127.17027; 2045.17685; 1952.10971;   512
7.85892; 2100.15472; 1935.49982; -132.38998; 2056.17242; 2044.70783;   632
7.86489; 2111.15029; 1860.18854; -138.92350; 2067.16800; 1996.04789;   810
7.87050; 2122.14587; 1914.27132; -137.25661; 2078.16357; 2008.13161;   664
7.87647; 2133.14144; 1830.46020; -146.37584; 2089.15915; 1944.57238;   808
7.88208; 2144.13702; 1989.78908; -137.38147; 2089.15915; 2007.21887;   500
7.88769; 2155.13259; 1978.68894; -142.64503; 2100.15472; 1969.83788;   635
7.89294; 2166.12817; 1991.95189; -144.70644; 2111.15029; 1955.75693;   575
7.89854; 2177.12374; 2036.59464; -143.25729; 2111.15029; 1965.62402;   505
7.90415; 2188.11932; 1981.18459; -151.19245; 2111.15029; 1913.34709;   606
7.90976; 2199.11489; 1932.43839; -157.10502; 2122.14587; 1876.99787;   600
7.91538; 2210.11046; 1944.74256; -156.20102; 2133.14144; 1882.42151;   529
7.92135; 2221.10604; 1793.73156; -161.90732; 2144.13702; 1848.95170;   741
7.92733; 2232.10161; 1949.22433; -132.75513; 2144.13702; 2041.89385;   449
7.93294; 2243.09719; 1880.87144; -109.68561; 2155.13259; 2246.38397;   787
7.93891; 2254.09276; 1881.83715; -65.04323; 2166.12817; 2515.59566;   969
7.94452; 2265.08834; 1964.89894; -18.40338; 2177.12374; 1661.86991;  1023
7.95014; 2276.08391; 1952.68593; 20.57607; 2177.12374; 2351.00391;   319
7.95538; 2287.07949; 2035.84048; 54.83293; 2188.11932; 1603.85254;   891
7.96172; 2298.07506; 1808.78014; 86.19648; 2199.11489; 2106.84607;   473
7.96804; 2309.07063; 1698.42052; 109.39346; 2210.11046; 2249.38156;  1023
7.97438; 2320.06621; 1743.94519; 122.92200; 2221.10604; 2121.99331;  1023
7.97999; 2331.06178; 1904.32533; 119.77200; 2243.09719; 1661.86991;   775
7.98523; 2342.05736; 2110.06994; 115.50588; 2243.09719; 1552.40164;   133
7.99048; 2353.05293; 2088.03161; 129.75970; 2254.09276; 1552.40164;   217
7.99789; 2364.04851; 1534.83730; 196.48734; 2276.08391; 1678.38475;   776
8.00495; 2375.04408; 1492.94969; 220.69346; 2276.08391; 1583.66780;   808
8.01128; 2386.03966; 1807.88794; 194.08413; 2298.07506; 1688.74395;   285
8.01761; 2397.03523; 1672.07641; 219.90090; 2309.07063; 1586.51913;   669
8.02465; 2408.03080; 1609.89377; 235.73479; 2320.06621; 1532.31118;   603
8.03099; 2419.02638; 1697.89599; 229.85793; 2331.06178; 1551.77615;   414
8.03769; 2430.02195; 1653.22124; 237.11994; 2342.05736; 1527.82908;   519
8.04510; 2441.01753; 1500.07837; 257.10147; 2353.05293; 1467.25817;   676
8.05177; 2452.01310; 1624.88170; 231.65677; 2364.04851; 1545.73952;   411
8.05883; 2463.00868; 1535.26591; 239.12623; 2375.04408; 1521.40628;   642
8.06697; 2474.00425; 1390.78857; 260.03178; 2386.03966; 1458.96744;   773
8.07438; 2484.99983; 1448.88318; 242.13812; 2397.03523; 1511.91449;   602
8.08104; 2495.99540; 1704.21179; 197.60959; 2408.03080; 1673.61207;   337
8.08845; 2506.99097; 1491.53207; 215.92846; 2419.02638; 1601.04621;   847
8.09623; 2517.98655; 1378.06422; 223.14851; 2430.02195; 1574.93204;   862
8.10256; 2528.98212; 1750.33022; 170.80947; 2441.01753; 1552.40164;   315
8.10925; 2539.97770; 1683.33963; 173.65916; 2452.01310; 1552.40164;   496
8.11848; 2550.97327; 1163.30665; 250.31220; 2463.00868; 1487.02340;  1023
8.12734; 2561.96885; 1236.29126; 235.08910; 2474.00425; 1534.41405;   848
8.13477; 2572.96442; 1480.48666; 197.18759; 2484.99983; 1609.59069;   603
8.14146; 2583.96000; 1700.52188; 172.14376; 2495.99540; 1667.55520;   457
8.14815; 2594.95557; 1576.42644; 186.53295; 2506.99097; 1722.58648;   743
8.15529; 2605.95114; 1603.32086; 184.22535; 2517.98655; 1733.34142;   727
8.16162; 2616.94672; 1745.88353; 168.75867; 2528.98212; 1568.14523;   558
8.16795; 2627.94229; 1714.84318; 173.66302; 2539.97770; 1568.14523;   478
8.17502; 2638.93787; 1535.48030; 194.34219; 2550.97327; 1687.62236;   698
8.18352; 2649.93344; 1314.47393; 225.61628; 2561.96885; 1566.29511;  1023
8.19057; 2660.92902; 1504.80012; 195.74018; 2572.96442; 1627.30825;   627
8.19655; 2671.92459; 1856.10642; 157.12722; 2583.96000; 1580.99466;   271
8.20357; 2682.92017; 1604.25656; 182.38073; 2594.95557; 1628.40074;   666
8.21171; 2693.91574; 1357.81359; 215.64068; 2594.95557; 1602.11418;   951
8.21841; 2704.91131; 1600.52030; 180.93404; 2616.94672; 1621.24972;   549
8.22583; 2715.90689; 1498.23879; 189.96586; 2627.94229; 1580.99466;   772
8.23293; 2726.90246; 1518.93555; 181.02634; 2638.93787; 1681.25017;   678
8.23963; 2737.89804; 1630.90692; 166.49201; 2649.93344; 1681.25017;   639
8.24705; 2748.89361; 1536.76792; 179.42680; 2649.93344; 1756.36655;   793
8.25339; 2759.88919; 1667.25920; 169.97835; 2660.92902; 1648.34262;   672
8.26008; 2770.88476; 1706.06275; 171.96677; 2671.92459; 1691.39889;   554
8.26641; 2781.88034; 1738.98062; 172.44002; 2682.92017; 1683.21901;   565
8.27274; 2792.87591; 1692.40795; 178.97936; 2693.91574; 1671.71502;   628
8.27943; 2803.87148; 1647.03033; 184.78703; 2704.91131; 1641.44063;   661
8.28646; 2814.86706; 1590.10477; 188.52994; 2715.90689; 1713.43902;   691
8.29315; 2825.86263; 1637.46455; 180.85153; 2737.89804; 1636.37765;   686
8.30021; 2836.85821; 1540.21214; 193.31337; 2737.89804; 1636.37765;   749
8.30654; 2847.85378; 1714.04122; 175.91641; 2748.89361; 1649.32860;   492
8.31321; 2858.84936; 1694.23335; 182.08669; 2759.88919; 1657.14801;   585
8.31954; 2869.84493; 1712.70630; 185.72717; 2770.88476; 1638.08321;   562
8.32588; 2880.84051; 1723.17418; 186.99566; 2781.88034; 1580.31713;   535
8.33259; 2891.83608; 1681.79481; 193.93521; 2792.87591; 1580.31713;   533
8.33928; 2902.83165; 1650.98715; 198.58489; 2803.87148; 1669.49727;   560
8.34599; 2913.82723; 1622.00538; 203.26603; 2825.86263; 1621.76901;   678
8.35305; 2924.82280; 1519.35532; 217.54036; 2825.86263; 1595.10359;   754
8.35938; 2935.81838; 1745.32928; 190.75332; 2825.86263; 1620.42668;   400
8.36643; 2946.81395; 1607.07022; 208.05709; 2847.85378; 1631.05105;   674
8.37421; 2957.80953; 1394.84644; 234.58127; 2858.84936; 1536.07402;   915
8.38090; 2968.80510; 1667.51205; 191.81562; 2858.84936; 1698.70057;   410
8.38723; 2979.80068; 1699.73326; 184.83333; 2880.84051; 1563.94276;   612
8.39501; 2990.79625; 1388.68078; 219.32856; 2891.83608; 1563.94276;   880
8.40207; 3001.79182; 1590.79491; 191.67413; 2891.83608; 1699.32743;   540
8.40877; 3012.78740; 1646.53705; 186.96275; 2913.82723; 1638.33342;   661
8.41510; 3023.78297; 1740.90792; 177.21743; 2913.82723; 1641.21632;   492
8.42177; 3034.77855; 1675.38846; 188.68376; 2924.82280; 1662.33696;   609
8.42810; 3045.77412; 1657.95755; 190.30333; 2935.81838; 1695.31962;   634
8.43479; 3056.76970; 1697.63385; 185.82731; 2946.81395; 1629.24768;   610
8.44113; 3067.76527; 1698.15822; 185.46077; 2957.80953; 1656.07110;   554
8.44782; 3078.76085; 1649.99617; 191.91892; 2968.80510; 1698.24335;   644
8.45452; 3089.75642; 1662.97254; 192.44972; 2979.80068; 1582.94899;   655
8.46157; 3100.75199; 1591.02510; 202.94532; 2990.79625; 1651.46468;   636
8.46754; 3111.74757; 1748.66006; 183.00682; 3001.79182; 1612.63499;   473
8.47423; 3122.74314; 1650.49151; 190.04027; 3012.78740; 1633.24841;   614
8.48093; 3133.73872; 1647.03033; 186.94395; 3023.78297; 1653.62090;   610
8.48762; 3144.73429; 1712.70630; 174.02019; 3034.77855; 1602.53301;   543
8.49393; 3155.72987; 1703.94769; 172.20590; 3045.77412; 1546.55196;   522
8.50064; 3166.72544; 1633.57220; 177.56514; 3056.76970; 1617.04888;   554
8.50734; 3177.72102; 1640.15132; 176.45009; 3067.76527; 1546.55196;   595
8.51439; 3188.71659; 1537.84258; 191.05936; 3078.76085; 1621.91462;   658
8.52109; 3199.71216; 1704.47596; 174.52936; 3089.75642; 1600.92371;   487
8.52742; 3210.70774; 1666.50113; 180.37032; 3100.75199; 1604.26199;   566
8.53411; 3221.70331; 1702.10131; 180.46104; 3111.74757; 1592.15690;   510
8.54046; 3232.69889; 1714.04122; 181.95550; 3122.74314; 1540.21759;   492
8.54716; 3243.69446; 1594.94843; 199.01457; 3133.73872; 1583.51608;   598
8.55494; 3254.69004; 1423.19110; 224.09006; 3144.73429; 1571.61990;   823
8.56199; 3265.68561; 1602.38625; 200.30235; 3155.72987; 1540.21759;   537
8.56868; 3276.68119; 1651.48310; 197.56097; 3166.72544; 1624.34786;   491
8.57537; 3287.67676; 1622.24468; 202.93939; 3177.72102; 1610.38446;   628
8.58351; 3298.67234; 1352.80197; 245.81100; 3188.71659; 1500.57657;   944
8.59101; 3309.66791; 1557.88813; 212.87583; 3199.71216; 1612.48483;   507
8.59698; 3320.66348; 1704.74022; 191.57382; 3210.70774; 1699.77224;   477
8.60368; 3331.65906; 1620.09348; 199.19327; 3221.70331; 1666.94579;   724
8.61073; 3342.65463; 1582.55245; 203.65034; 3232.69889; 1648.60358;   715
8.61706; 3353.65021; 1692.66848; 189.70149; 3243.69446; 1708.13994;   541
8.62411; 3364.64578; 1566.32115; 205.21604; 3254.69004; 1642.30252;   799
8.63080; 3375.64136; 1691.62684; 190.38210; 3265.68561; 1705.08390;   534
8.63713; 3386.63693; 1684.37109; 195.39703; 3276.68119; 1683.06093;   644
8.64384; 3397.63251; 1689.28782; 197.48550; 3287.67676; 1674.13781;   613
8.65017; 3408.62808; 1737.05758; 190.61644; 3298.67234; 1704.03551;   542
8.65650; 3419.62365; 1699.47055; 189.22281; 3309.66791; 1710.29909;   637
8.66320; 3430.61923; 1639.90670; 183.31407; 3320.66348; 1737.64442;   709
8.66953; 3441.61480; 1706.85726; 162.85660; 3331.65906; 1843.55512;   631
8.67660; 3452.61038; 1602.85342; 158.35695; 3342.65463; 1869.56363;   893
8.68258; 3463.60595; 1778.06831; 127.80188; 3353.65021; 2081.08678;   656
8.68891; 3474.60153; 1823.17600; 109.71642; 3364.64578; 2246.06847;   869
8.69452; 3485.59710; 1885.38657; 91.94592; 3375.64136; 2453.53684;   967
8.70014; 3496.59268; 2026.46046; 74.48479; 3386.63693; 2725.99480;  1008
8.70647; 3507.58825; 1735.68657; 75.84706; 3397.63251; 2701.40336;  1023
8.71244; 3518.58382; 1787.89828; 62.68175; 3408.62808; 2971.58559;  1023
8.71841; 3529.57940; 1901.69050; 48.34835; 3419.62365; 3383.51401;  1023
8.72366; 3540.57497; 1994.48113; 36.31137; 3430.61923; 3800.00000;  1023
8.72854; 3551.57055; 2299.36730; 25.63443; 3441.61480; 3800.00000;   971
8.73343; 3562.56612; 2324.15440; 23.10780; 3452.61038; 3800.00000;  1023
8.73795; 3573.56170; 2425.13773; 20.80881; 3463.60595; 3800.00000;  1023
8.74249; 3584.55727; 2459.30987; 19.89704; 3474.60153; 3800.00000;  1023
8.74666; 3595.55285; 2542.91731; 17.32109; 3485.59710; 3800.00000;  1023
8.75083; 3606.54842; 2646.34764; 12.98222; 3496.59268; 3800.00000;  1023
8.75500; 3617.54399; 2711.60899; 9.65265; 3507.58825; 3800.00000;  1023
8.75916; 3628.53957; 2538.22125; 7.69554; 3518.58382; 3800.00000;  1023
8.76296; 3639.53514; 2871.65695; 5.76295; 3529.57940; 3800.00000;   939
8.76676; 3650.53072; 2850.07114; 5.96164; 3540.57497; 3800.00000;  1023
8.77058; 3661.52629; 2883.70691; 6.61578; 3551.57055; 3800.00000;  1023
8.77438; 3672.52187; 3004.25531; 6.74060; 3562.56612; 2128.36674;  1023
8.77819; 3683.51744; 2980.63824; 6.37421; 3573.56170; 2051.43408;   282
8.78199; 3694.51302; 2884.46339; 5.18072; 3584.55727; 2051.43408;   318
8.78652; 3705.50859; 2358.55308; 4.55146; 3584.55727; 3800.00000;   591
8.79321; 3716.50416; 1645.05901; 2.96979; 3595.55285; 3800.00000;  1023
8.79990; 3727.49974; 1672.58510; -1.07328; 3606.54842; 3800.00000;  1023
8.80514; 3738.49531; 2005.02816; -2.76531; 3617.54399; 3800.00000;   999
8.81039; 3749.49089; 2223.12464; -4.88115; 3617.54399; 3800.00000;  1023
8.81528; 3760.48646; 2203.08043; -5.63848; 3628.53957; 3800.00000;  1023
8.82016; 3771.48204; 2263.39532; -6.27107; 3650.53072; 3800.00000;  1023
8.82470; 3782.47761; 2396.07201; -5.86357; 3650.53072; 3800.00000;  1023
8.82886; 3793.47319; 2512.69983; -5.50435; 3661.52629; 1656.16236;  1023
8.83375; 3804.46876; 2357.03632; -4.67251; 3683.51744; 3800.00000;   350
8.83791; 3815.46433; 2648.89772; -1.89330; 3694.51302; 1612.17299;   998
8.84316; 3826.45991; 2088.03161; -0.34011; 3705.50859; 3800.00000;   500
8.84878; 3837.45548; 1923.31196; 2.76533; 3705.50859; 3800.00000;  1023
8.85475; 3848.45106; 1853.60325; 3.45704; 3716.50416; 3800.00000;  1023
8.86000; 3859.44663; 2162.35486; 2.65994; 3727.49974; 3800.00000;  1023
8.86456; 3870.44221; 2311.45143; 1.39814; 3738.49531; 3800.00000;  1023
8.86908; 3881.43778; 2468.14241; 0.36459; 3760.48646; 1612.17299;  1023
8.87361; 3892.43336; 2401.30475; 0.15246; 3760.48646; 1612.17299;   327
8.87777; 3903.42893; 2674.02102; 1.34273; 3771.48204; 1612.17299;   165
8.88338; 3914.42450; 1996.29166; 5.09907; 3793.47319; 3800.00000;   551
8.89007; 3925.42008; 1616.52080; 9.45540; 3793.47319; 3800.00000;  1023
8.89677; 3936.41565; 1672.58510; 11.70447; 3804.46876; 3800.00000;  1023
8.90202; 3947.41123; 2078.55850; 8.51755; 3815.46433; 3800.00000;   999
8.90691; 3958.40680; 2188.17402; 4.79388; 3826.45991; 3800.00000;  1023
8.91212; 3969.40238; 2135.89247; 1.75681; 3837.45548; 3800.00000;  1023
8.91737; 3980.39795; 2058.32543; -2.34725; 3848.45106; 3800.00000;  1023
8.92226; 3991.39353; 2297.44556; -4.29859; 3859.44663; 3800.00000;  1023
8.92678; 4002.38910; 2354.00866; -4.62648; 3870.44221; 1612.17299;  1023
8.93131; 4013.38467; 2513.27416; -4.81897; 3881.43778; 1612.17299;   244
8.93547; 4024.38025; 2577.49049; -4.65308; 3892.43336; 1612.17299;   282
8.94104; 4035.37582; 1988.34981; -5.23086; 3903.42893; 3800.00000;   545
8.94774; 4046.37140; 1620.80991; -1.85256; 3914.42450; 3800.00000;  1023
8.95479; 4057.36697; 1616.52080; 3.67176; 3925.42008; 3800.00000;  1023
8.96040; 4068.36255; 1912.27382; 5.60222; 3936.41565; 3800.00000;  1023
8.96528; 4079.35812; 2266.19424; 5.07673; 3947.41123; 3800.00000;  1023
8.96981; 4090.35370; 2346.97427; 1.90265; 3958.40680; 1612.17299;  1023
8.97429; 4101.34927; 2447.81266; -1.92729; 3969.40238; 1569.23634;   278
8.97882; 4112.34484; 2528.29948; -3.71748; 3980.39795; 1569.23634;   286
8.98479; 4123.34042; 1863.02515; -6.21444; 3991.39353; 3800.00000;   648
8.99185; 4134.33599; 1521.45765; -7.18112; 4002.38910; 3800.00000;  1023
8.99893; 4145.33157; 1583.00813; -3.79824; 4013.38467; 3800.00000;  1023
9.00454; 4156.32714; 1900.70431; -1.63500; 4024.38025; 3800.00000;  1023
9.00942; 4167.32272; 2278.40333; -0.65540; 4035.37582; 1612.17299;  1023
9.01430; 4178.31829; 2336.50116; 0.01438; 4046.37140; 1612.17299;   306
9.01882; 4189.31387; 2418.73613; -0.06208; 4057.36697; 1539.15569;   291
9.02443; 4200.30944; 1867.13779; 1.75193; 4068.36255; 3800.00000;   594
9.03185; 4211.30501; 1486.29014; 4.99135; 4079.35812; 3800.00000;  1023
9.03926; 4222.30059; 1533.12527; 5.41531; 4090.35370; 3800.00000;  1023
9.04451; 4233.29616; 2023.10477; 3.06576; 4101.34927; 1539.15569;  1000
9.05012; 4244.29174; 2013.47271; 0.75981; 10.99557; 3800.00000;   337
9.05574; 4255.28731; 1957.90143; -0.09457; 21.99115; 3800.00000;  1023
9.06208; 4266.28289; 1710.84090; 1.56676; 32.98672; 3800.00000;  1023
9.06733; 4277.27846; 2099.99512; 4.43476; 43.98230; 3800.00000;  1023
9.07186; 4288.27404; 2356.53117; 6.67925; 54.97787; 1539.15569;  1023
9.07638; 4299.26961; 2465.92834; 6.91518; 65.97345; 1539.15569;   295
9.08091; 4310.26518; 2545.27186; 5.54625; 76.96902; 1539.15569;   306
9.08652; 4321.26076; 1946.11937; 6.27363; 87.96460; 3800.00000;   552
9.09429; 4332.25633; 1396.97300; 10.00814; 98.96017; 3800.00000;  1023
9.10171; 4343.25191; 1517.88714; 12.14219; 109.95574; 3800.00000;  1023
9.10732; 4354.24748; 1944.74256; 11.86396; 120.95132; 3800.00000;  1023
9.11221; 4365.24306; 2184.26191; 9.58355; 131.94689; 1612.17299;  1023
9.11674; 4376.23863; 2409.19686; 5.37465; 142.94247; 1539.15569;   251
9.12163; 4387.23421; 2333.52599; 0.64997; 153.93804; 1539.15569;   379
9.12796; 4398.22978; 1728.86391; -4.04465; 164.93362; 2901.05232;   748
9.13574; 4409.22535; 1386.92917; -4.62543; 175.92919; 3800.00000;  1023
9.14352; 4420.22093; 1414.94974; 0.00210; 186.92477; 2543.03604;  1023
9.14913; 4431.21650; 1982.25608; 1.96360; 197.92034; 1612.17299;  1005
9.15440; 4442.21208; 2038.86046; 1.15805; 197.92034; 1612.17299;   334
9.16038; 4453.20765; 1828.02568; -2.61424; 208.91591; 3800.00000;   608
9.16815; 4464.20323; 1480.28735; -8.53054; 219.91149; 3800.00000;  1023
StraightCount: 

YawRate: -9495.15
New round detected!
Lap length: 4475.2
9.17529; 0.00000; 1497.83060; -6.33927; 0.00000; 3800.00000;  1023
9.18091; 10.99557; 1937.54616; -4.01095; 10.99557; 3800.00000;  1023
9.18616; 21.99115; 2143.38683; -4.32588; 21.99115; 3800.00000;  1023
9.19104; 32.98672; 2189.48117; -6.78050; 32.98672; 1612.17299;  1023
9.19556; 43.98230; 2489.93987; -9.94031; 43.98230; 1539.15569;   235
9.20009; 54.97787; 2422.46628; -10.45196; 54.97787; 1539.15569;   396
9.20606; 65.97345; 1858.93059; -8.96054; 65.97345; 3800.00000;   633
9.21348; 76.96902; 1442.61014; -3.70996; 76.96902; 3800.00000;  1023
9.22090; 87.96460; 1489.71338; 1.15323; 87.96460; 3800.00000;  1023
9.22687; 98.96017; 1906.63680; 1.35309; 98.96017; 3800.00000;  1023
9.23176; 109.95574; 2160.65523; -1.64887; 109.95574; 1612.17299;  1023
9.23701; 120.95132; 2172.60906; -2.43924; 120.95132; 1689.49111;   370
9.24154; 131.94689; 2455.46549; -0.83442; 131.94689; 1539.15569;   248
9.24750; 142.94247; 1772.62203; 3.88152; 142.94247; 3800.00000;   767
9.25565; 153.93804; 1345.02440; 13.76451; 153.93804; 3800.00000;  1023
9.26307; 164.93362; 1500.69257; 28.01530; 164.93362; 3800.00000;  1023
9.26904; 175.92919; 1839.03235; 35.87884; 175.92919; 3800.00000;  1023
9.27465; 186.92477; 1995.92929; 44.96520; 186.92477; 3508.49265;  1023
9.27954; 197.92034; 2198.67515; 54.11292; 197.92034; 1569.23634;  1023
9.28479; 208.91591; 2171.75083; 63.82689; 208.91591; 1569.23634;   396
9.28931; 219.91149; 2376.39387; 70.79970; 219.91149; 1539.15569;   293
9.29564; 230.90706; 1718.05851; 116.40384; 230.90706; 2180.59578;   812
9.30414; 241.90264; 1310.08870; 170.89289; 241.90264; 1799.68630;  1023
9.31155; 252.89821; 1492.34181; 158.62978; 252.89821; 1867.95519;  1023
9.31752; 263.89379; 1831.98508; 129.88430; 263.89379; 2064.33646;   712
9.32314; 274.88936; 1973.71647; 120.36454; 274.88936; 2144.41844;   831
9.32839; 285.88494; 2049.50130; 124.51650; 285.88494; 2108.36289;   857
9.33400; 296.88051; 1986.91262; 141.18127; 296.88051; 1980.02315;   936
9.33888; 307.87608; 2254.57750; 136.44540; 307.87608; 1539.15569;   406
9.34377; 318.87166; 2237.14638; 153.04200; 318.87166; 1539.15569;   395
9.35046; 329.86723; 1664.48296; 214.52749; 329.86723; 1606.26552;   833
9.35897; 340.86281; 1266.91721; 286.21235; 340.86281; 1390.63972;  1023
9.36711; 351.85838; 1351.80409; 271.48570; 351.85838; 1427.85904;   809
9.37344; 362.85396; 1783.25891; 200.91578; 362.85396; 1659.78483;   296
9.37941; 373.84953; 1818.05133; 194.73417; 373.84953; 1685.92296;   617
9.38867; 384.84511; 1187.29883; 295.56679; 384.84511; 1368.45650;  1023
9.39718; 395.84068; 1295.42583; 260.42342; 395.84068; 1457.86998;   840
9.40423; 406.83625; 1566.09806; 204.01610; 406.83625; 1647.12511;   607
9.41057; 417.83183; 1676.66582; 179.64476; 417.83183; 1755.30075;   727
9.41726; 428.82740; 1680.76650; 171.72811; 428.82740; 1795.30451;   866
9.42321; 439.82298; 1793.73156; 161.06429; 439.82298; 1853.78422;   756
9.42918; 450.81855; 1847.37474; 157.67096; 450.81855; 1873.62622;   781
9.43515; 461.81413; 1841.80477; 159.54689; 461.81413; 1862.57873;   826
9.44148; 472.80970; 1772.05068; 164.49154; 472.80970; 1834.37036;   906
9.44709; 483.80528; 1948.18824; 148.54403; 483.80528; 1930.32848;   616
9.45306; 494.80085; 1801.96238; 164.93677; 494.80085; 1831.89287;   971
9.46047; 505.79642; 1487.69780; 203.86607; 505.79642; 1647.73110;  1023
9.46644; 516.79200; 1831.37483; 168.36046; 516.79200; 1813.17101;   496
9.47277; 527.78757; 1752.28278; 176.65876; 527.78757; 1770.07320;   881
9.47982; 538.78315; 1562.09326; 195.06148; 538.78315; 1684.50791;  1023
9.48615; 549.77872; 1770.90908; 171.61869; 549.77872; 1795.87671;   644
9.49249; 560.77430; 1731.58653; 177.34522; 560.77430; 1766.64409;   874
9.49845; 571.76987; 1810.56717; 171.52766; 571.76987; 1796.35320;   726
9.50442; 582.76545; 1856.41980; 172.80330; 582.76545; 1789.71052;   721
9.51003; 593.76102; 1928.37153; 173.06661; 593.76102; 1788.34855;   631
9.51600; 604.75659; 1862.07865; 185.69159; 604.75659; 1726.48454;   743
9.52305; 615.75217; 1559.87721; 226.56621; 615.75217; 1563.00813;  1023
9.52938; 626.74774; 1769.48414; 200.71201; 626.74774; 1660.62713;   522
9.53537; 637.74332; 1829.54650; 193.65173; 637.74332; 1690.62824;   605
9.54460; 648.73889; 1207.24357; 286.88223; 648.73889; 1389.01517;  1023
9.55237; 659.73447; 1381.87438; 242.24785; 659.73447; 1511.57202;   761
9.55907; 670.73004; 1644.56692; 194.94675; 670.73004; 1685.00353;   586
9.56610; 681.72562; 1551.51326; 197.53085; 681.72562; 1673.94564;   959
9.57388; 692.72119; 1442.04255; 211.21246; 692.72119; 1618.82182;  1023
9.58057; 703.71676; 1653.22124; 184.98687; 703.71676; 1729.76999;   703
9.58654; 714.71234; 1850.48375; 168.02389; 714.71234; 1814.98607;   613
9.59307; 725.70791; 1669.79111; 191.27870; 725.70791; 1701.08300;  1001
9.60120; 736.70349; 1314.47393; 243.22647; 736.70349; 1508.52808;  1023
9.60826; 747.69906; 1563.64824; 207.05255; 747.69906; 1635.00289;   678
9.61495; 758.69464; 1656.70852; 198.54079; 758.69464; 1669.68265;   754
9.62164; 769.69021; 1697.89599; 189.64050; 769.69021; 1708.41456;   763
9.62761; 780.68579; 1781.81404; 177.51458; 780.68579; 1765.80115;   702
9.63357; 791.68136; 1861.76337; 171.68695; 791.68136; 1795.51968;   680
9.63954; 802.67693; 1813.85260; 180.60927; 802.67693; 1750.60752;   800
9.64551; 813.67251; 1897.09704; 179.17137; 813.67251; 1757.61806;   627
9.65184; 824.66808; 1705.53350; 210.76717; 824.66808; 1620.53094;   914
9.65889; 835.66366; 1602.38625; 230.49404; 835.66366; 1549.63339;   849
9.66522; 846.65923; 1661.71595; 220.73747; 846.65923; 1583.50990;   670
9.67228; 857.65481; 1612.72726; 222.29377; 857.65481; 1577.95700;   786
9.67949; 868.65038; 1490.31912; 230.53568; 868.65038; 1549.49344;   923
9.68618; 879.64596; 1657.45771; 198.09471; 879.64596; 1671.56156;   643
9.69285; 890.64153; 1691.62684; 187.34582; 890.64153; 1718.84535;   770
9.69882; 901.63710; 1752.00358; 179.10165; 901.63710; 1757.96014;   747
9.70552; 912.63268; 1703.68368; 182.99236; 912.63268; 1739.17118;   869
9.71113; 923.62825; 1907.62916; 164.69912; 923.62825; 1833.21401;   558
9.71710; 934.62383; 1813.25436; 176.76738; 934.62383; 1769.52926;   851
9.72451; 945.61940; 1503.35992; 214.77382; 945.61940; 1605.34413;  1023
9.73085; 956.61498; 1734.86501; 185.16562; 956.61498; 1728.93489;   598
9.73718; 967.61055; 1791.10188; 179.14906; 967.61055; 1757.72748;   721
9.74423; 978.60613; 1516.42180; 209.86277; 978.60613; 1624.01903;  1023
9.75092; 989.60170; 1695.80112; 186.49252; 989.60170; 1722.77318;   677
9.75689; 1000.59727; 1799.01414; 176.59073; 1000.59727; 1770.41410;   691
9.76285; 1011.59285; 1893.82956; 169.77563; 1176.52647; 1528.05897;   645
9.76926; 1022.58842; 1677.68911; 194.50891; 1187.52204; 1573.08315;   717
9.77849; 1033.58400; 1207.64135; 272.57201; 1198.51762; 1425.01090;  1023
9.78663; 1044.57957; 1334.90038; 244.82387; 1187.52204; 1503.59868;   863
9.79332; 1055.57515; 1680.76650; 185.50307; 1198.51762; 1528.05897;   523
9.80001; 1066.57072; 1627.28644; 181.02021; 1209.51319; 1585.94681;   719
9.80778; 1077.56630; 1384.65866; 203.81050; 1220.50876; 1647.95571;  1023
9.81520; 1088.56187; 1481.28445; 185.34707; 1231.50434; 1728.08840;   946
9.82117; 1099.55745; 1857.98825; 146.24479; 1242.49991; 1636.92873;   549
9.82750; 1110.55302; 1732.95106; 161.16935; 1253.49549; 1636.92873;   747
9.83492; 1121.54859; 1477.50261; 191.20472; 1264.49106; 1701.41206;  1023
9.84125; 1132.54417; 1723.44427; 166.04387; 1275.48664; 1679.19311;   705
9.84721; 1143.53974; 1910.61242; 153.87434; 1286.48221; 1685.19512;   509
9.85355; 1154.53532; 1721.28592; 173.73739; 1297.47779; 1784.89291;   827
9.86096; 1165.53089; 1484.28381; 206.89935; 1308.47336; 1635.60810;  1023
9.86765; 1176.52647; 1587.12102; 197.59235; 1319.46893; 1673.68509;   824
9.87362; 1187.52204; 1953.03276; 161.34514; 1330.46451; 1852.17008;   402
9.87923; 1198.51762; 1855.47999; 171.78498; 1341.46008; 1795.00728;   836
9.88628; 1209.51319; 1614.38474; 200.89765; 1352.45566; 1659.85971;  1023
9.89226; 1220.50876; 1868.08944; 176.23914; 1330.46451; 1772.17918;   511
9.89786; 1231.50434; 1912.60644; 176.90413; 1341.46008; 1768.84521;   647
9.90600; 1242.49991; 1359.49239; 246.64158; 1352.45566; 1